[2023-01-27 09:22:12,111] {processor.py:153} INFO - Started process (PID=188) to work on /opt/airflow/dags/sample_dag.py
[2023-01-27 09:22:12,114] {processor.py:641} INFO - Processing file /opt/airflow/dags/sample_dag.py for tasks to queue
[2023-01-27 09:22:12,116] {logging_mixin.py:115} INFO - [2023-01-27 09:22:12,116] {dagbag.py:507} INFO - Filling up the DagBag from /opt/airflow/dags/sample_dag.py
[2023-01-27 09:22:24,128] {processor.py:651} INFO - DAG(s) dict_keys(['first_sample_dag']) retrieved from /opt/airflow/dags/sample_dag.py
[2023-01-27 09:23:01,439] {processor.py:153} INFO - Started process (PID=191) to work on /opt/airflow/dags/sample_dag.py
[2023-01-27 09:23:01,441] {processor.py:641} INFO - Processing file /opt/airflow/dags/sample_dag.py for tasks to queue
[2023-01-27 09:23:01,443] {logging_mixin.py:115} INFO - [2023-01-27 09:23:01,443] {dagbag.py:507} INFO - Filling up the DagBag from /opt/airflow/dags/sample_dag.py
[2023-01-27 09:23:01,483] {processor.py:651} INFO - DAG(s) dict_keys(['first_sample_dag']) retrieved from /opt/airflow/dags/sample_dag.py
[2023-01-27 09:23:25,117] {logging_mixin.py:115} INFO - [2023-01-27 09:23:25,116] {manager.py:511} ERROR - Creation of Permission View Error: (psycopg2.errors.UniqueViolation) duplicate key value violates unique constraint "serialized_dag_pkey"
DETAIL:  Key (dag_id)=(first_sample_dag) already exists.

[SQL: INSERT INTO serialized_dag (dag_id, fileloc, fileloc_hash, data, data_compressed, last_updated, dag_hash) VALUES (%(dag_id)s, %(fileloc)s, %(fileloc_hash)s, %(data)s, %(data_compressed)s, %(last_updated)s, %(dag_hash)s)]
[parameters: {'dag_id': 'first_sample_dag', 'fileloc': '/opt/airflow/dags/sample_dag.py', 'fileloc_hash': 2607739331404316, 'data': '{"__version": 1, "dag": {"_task_group": {"_group_id": null, "prefix_group_id": true, "tooltip": "", "ui_color": "CornflowerBlue", "ui_fgcolor": "#000 ... (1409 characters truncated) ... color": "#000", "_task_type": "EmptyOperator", "_task_module": "airflow.operators.empty", "_is_empty": true}], "dag_dependencies": [], "params": {}}}', 'data_compressed': None, 'last_updated': datetime.datetime(2023, 1, 27, 9, 23, 1, 623880, tzinfo=Timezone('UTC')), 'dag_hash': '16aeec405a83c10679e3bb1570c48dd8'}]
(Background on this error at: http://sqlalche.me/e/14/gkpj)
[2023-01-27 09:23:44,700] {logging_mixin.py:115} INFO - [2023-01-27 09:23:44,700] {manager.py:508} INFO - Created Permission View: can delete on DAG:first_sample_dag
[2023-01-27 09:23:45,048] {logging_mixin.py:115} INFO - [2023-01-27 09:23:45,048] {manager.py:508} INFO - Created Permission View: can read on DAG:first_sample_dag
[2023-01-27 09:23:45,050] {logging_mixin.py:115} INFO - [2023-01-27 09:23:45,050] {dag.py:2371} INFO - Sync 1 DAGs
[2023-01-27 09:23:45,323] {logging_mixin.py:115} INFO - [2023-01-27 09:23:45,322] {dag.py:2390} INFO - Creating ORM DAG for first_sample_dag
[2023-01-27 09:23:47,749] {logging_mixin.py:115} INFO - [2023-01-27 09:23:47,749] {dag.py:2919} INFO - Setting next_dagrun for first_sample_dag to None, run_after=None
[2023-01-27 09:23:52,077] {processor.py:153} INFO - Started process (PID=194) to work on /opt/airflow/dags/sample_dag.py
[2023-01-27 09:23:52,078] {processor.py:641} INFO - Processing file /opt/airflow/dags/sample_dag.py for tasks to queue
[2023-01-27 09:23:52,080] {logging_mixin.py:115} INFO - [2023-01-27 09:23:52,080] {dagbag.py:507} INFO - Filling up the DagBag from /opt/airflow/dags/sample_dag.py
[2023-01-27 09:23:52,120] {processor.py:651} INFO - DAG(s) dict_keys(['first_sample_dag']) retrieved from /opt/airflow/dags/sample_dag.py
[2023-01-27 09:23:52,154] {logging_mixin.py:115} INFO - [2023-01-27 09:23:52,153] {dag.py:2371} INFO - Sync 1 DAGs
[2023-01-27 09:23:53,540] {logging_mixin.py:115} INFO - [2023-01-27 09:23:53,540] {dag.py:2390} INFO - Creating ORM DAG for first_sample_dag
[2023-01-27 09:23:53,559] {logging_mixin.py:115} INFO - [2023-01-27 09:23:53,559] {dag.py:2919} INFO - Setting next_dagrun for first_sample_dag to None, run_after=None
[2023-01-27 09:24:21,426] {processor.py:161} INFO - Processing /opt/airflow/dags/sample_dag.py took 29.322 seconds
[2023-01-27 09:24:52,303] {processor.py:153} INFO - Started process (PID=199) to work on /opt/airflow/dags/sample_dag.py
[2023-01-27 09:24:52,304] {processor.py:641} INFO - Processing file /opt/airflow/dags/sample_dag.py for tasks to queue
[2023-01-27 09:24:52,306] {logging_mixin.py:115} INFO - [2023-01-27 09:24:52,306] {dagbag.py:507} INFO - Filling up the DagBag from /opt/airflow/dags/sample_dag.py
[2023-01-27 09:24:52,346] {processor.py:651} INFO - DAG(s) dict_keys(['first_sample_dag']) retrieved from /opt/airflow/dags/sample_dag.py
[2023-01-27 09:24:52,381] {logging_mixin.py:115} INFO - [2023-01-27 09:24:52,381] {dag.py:2371} INFO - Sync 1 DAGs
[2023-01-27 09:24:52,414] {logging_mixin.py:115} INFO - [2023-01-27 09:24:52,414] {dag.py:2919} INFO - Setting next_dagrun for first_sample_dag to None, run_after=None
[2023-01-27 09:24:55,220] {processor.py:161} INFO - Processing /opt/airflow/dags/sample_dag.py took 2.918 seconds
[2023-01-27 09:25:25,873] {processor.py:153} INFO - Started process (PID=204) to work on /opt/airflow/dags/sample_dag.py
[2023-01-27 09:25:25,874] {processor.py:641} INFO - Processing file /opt/airflow/dags/sample_dag.py for tasks to queue
[2023-01-27 09:25:25,876] {logging_mixin.py:115} INFO - [2023-01-27 09:25:25,876] {dagbag.py:507} INFO - Filling up the DagBag from /opt/airflow/dags/sample_dag.py
[2023-01-27 09:25:25,916] {processor.py:651} INFO - DAG(s) dict_keys(['first_sample_dag']) retrieved from /opt/airflow/dags/sample_dag.py
[2023-01-27 09:25:25,950] {logging_mixin.py:115} INFO - [2023-01-27 09:25:25,949] {dag.py:2371} INFO - Sync 1 DAGs
[2023-01-27 09:25:25,986] {logging_mixin.py:115} INFO - [2023-01-27 09:25:25,985] {dag.py:2919} INFO - Setting next_dagrun for first_sample_dag to None, run_after=None
[2023-01-27 09:25:39,512] {processor.py:161} INFO - Processing /opt/airflow/dags/sample_dag.py took 13.642 seconds
[2023-01-27 09:26:10,438] {processor.py:153} INFO - Started process (PID=209) to work on /opt/airflow/dags/sample_dag.py
[2023-01-27 09:26:10,439] {processor.py:641} INFO - Processing file /opt/airflow/dags/sample_dag.py for tasks to queue
[2023-01-27 09:26:10,441] {logging_mixin.py:115} INFO - [2023-01-27 09:26:10,440] {dagbag.py:507} INFO - Filling up the DagBag from /opt/airflow/dags/sample_dag.py
[2023-01-27 09:26:10,480] {processor.py:651} INFO - DAG(s) dict_keys(['first_sample_dag']) retrieved from /opt/airflow/dags/sample_dag.py
[2023-01-27 09:26:10,512] {logging_mixin.py:115} INFO - [2023-01-27 09:26:10,512] {dag.py:2371} INFO - Sync 1 DAGs
[2023-01-27 09:26:10,544] {logging_mixin.py:115} INFO - [2023-01-27 09:26:10,544] {dag.py:2919} INFO - Setting next_dagrun for first_sample_dag to None, run_after=None
[2023-01-27 09:26:22,443] {processor.py:161} INFO - Processing /opt/airflow/dags/sample_dag.py took 12.008 seconds
[2023-01-27 09:26:53,795] {processor.py:153} INFO - Started process (PID=214) to work on /opt/airflow/dags/sample_dag.py
[2023-01-27 09:26:53,796] {processor.py:641} INFO - Processing file /opt/airflow/dags/sample_dag.py for tasks to queue
[2023-01-27 09:26:53,798] {logging_mixin.py:115} INFO - [2023-01-27 09:26:53,798] {dagbag.py:507} INFO - Filling up the DagBag from /opt/airflow/dags/sample_dag.py
[2023-01-27 09:26:53,832] {processor.py:651} INFO - DAG(s) dict_keys(['first_sample_dag']) retrieved from /opt/airflow/dags/sample_dag.py
[2023-01-27 09:26:53,877] {logging_mixin.py:115} INFO - [2023-01-27 09:26:53,877] {dag.py:2371} INFO - Sync 1 DAGs
[2023-01-27 09:26:53,916] {logging_mixin.py:115} INFO - [2023-01-27 09:26:53,916] {dag.py:2919} INFO - Setting next_dagrun for first_sample_dag to None, run_after=None
[2023-01-27 09:27:04,406] {processor.py:161} INFO - Processing /opt/airflow/dags/sample_dag.py took 10.623 seconds
[2023-01-27 09:27:34,640] {processor.py:153} INFO - Started process (PID=219) to work on /opt/airflow/dags/sample_dag.py
[2023-01-27 09:27:34,724] {processor.py:641} INFO - Processing file /opt/airflow/dags/sample_dag.py for tasks to queue
[2023-01-27 09:27:34,725] {logging_mixin.py:115} INFO - [2023-01-27 09:27:34,725] {dagbag.py:507} INFO - Filling up the DagBag from /opt/airflow/dags/sample_dag.py
[2023-01-27 09:27:34,763] {processor.py:651} INFO - DAG(s) dict_keys(['first_sample_dag']) retrieved from /opt/airflow/dags/sample_dag.py
[2023-01-27 09:27:34,798] {logging_mixin.py:115} INFO - [2023-01-27 09:27:34,798] {dag.py:2371} INFO - Sync 1 DAGs
[2023-01-27 09:27:34,834] {logging_mixin.py:115} INFO - [2023-01-27 09:27:34,834] {dag.py:2919} INFO - Setting next_dagrun for first_sample_dag to None, run_after=None
[2023-01-27 09:27:42,787] {processor.py:161} INFO - Processing /opt/airflow/dags/sample_dag.py took 8.151 seconds
[2023-01-27 09:28:13,062] {processor.py:153} INFO - Started process (PID=224) to work on /opt/airflow/dags/sample_dag.py
[2023-01-27 09:28:13,063] {processor.py:641} INFO - Processing file /opt/airflow/dags/sample_dag.py for tasks to queue
[2023-01-27 09:28:13,064] {logging_mixin.py:115} INFO - [2023-01-27 09:28:13,064] {dagbag.py:507} INFO - Filling up the DagBag from /opt/airflow/dags/sample_dag.py
[2023-01-27 09:28:13,105] {processor.py:651} INFO - DAG(s) dict_keys(['first_sample_dag']) retrieved from /opt/airflow/dags/sample_dag.py
[2023-01-27 09:28:13,140] {logging_mixin.py:115} INFO - [2023-01-27 09:28:13,140] {dag.py:2371} INFO - Sync 1 DAGs
[2023-01-27 09:28:13,173] {logging_mixin.py:115} INFO - [2023-01-27 09:28:13,173] {dag.py:2919} INFO - Setting next_dagrun for first_sample_dag to None, run_after=None
[2023-01-27 09:28:13,603] {processor.py:161} INFO - Processing /opt/airflow/dags/sample_dag.py took 0.546 seconds
[2023-01-27 09:28:44,474] {processor.py:153} INFO - Started process (PID=229) to work on /opt/airflow/dags/sample_dag.py
[2023-01-27 09:28:44,475] {processor.py:641} INFO - Processing file /opt/airflow/dags/sample_dag.py for tasks to queue
[2023-01-27 09:28:44,477] {logging_mixin.py:115} INFO - [2023-01-27 09:28:44,477] {dagbag.py:507} INFO - Filling up the DagBag from /opt/airflow/dags/sample_dag.py
[2023-01-27 09:28:44,518] {processor.py:651} INFO - DAG(s) dict_keys(['first_sample_dag']) retrieved from /opt/airflow/dags/sample_dag.py
[2023-01-27 09:28:44,553] {logging_mixin.py:115} INFO - [2023-01-27 09:28:44,553] {dag.py:2371} INFO - Sync 1 DAGs
[2023-01-27 09:28:44,589] {logging_mixin.py:115} INFO - [2023-01-27 09:28:44,589] {dag.py:2919} INFO - Setting next_dagrun for first_sample_dag to None, run_after=None
[2023-01-27 09:28:49,784] {processor.py:161} INFO - Processing /opt/airflow/dags/sample_dag.py took 5.314 seconds
[2023-01-27 09:29:19,935] {processor.py:153} INFO - Started process (PID=234) to work on /opt/airflow/dags/sample_dag.py
[2023-01-27 09:29:19,936] {processor.py:641} INFO - Processing file /opt/airflow/dags/sample_dag.py for tasks to queue
[2023-01-27 09:29:19,938] {logging_mixin.py:115} INFO - [2023-01-27 09:29:19,938] {dagbag.py:507} INFO - Filling up the DagBag from /opt/airflow/dags/sample_dag.py
[2023-01-27 09:29:19,982] {processor.py:651} INFO - DAG(s) dict_keys(['first_sample_dag']) retrieved from /opt/airflow/dags/sample_dag.py
[2023-01-27 09:29:21,570] {logging_mixin.py:115} INFO - [2023-01-27 09:29:21,570] {dag.py:2371} INFO - Sync 1 DAGs
[2023-01-27 09:29:21,609] {logging_mixin.py:115} INFO - [2023-01-27 09:29:21,608] {dag.py:2919} INFO - Setting next_dagrun for first_sample_dag to None, run_after=None
[2023-01-27 09:29:28,184] {processor.py:161} INFO - Processing /opt/airflow/dags/sample_dag.py took 8.253 seconds
[2023-01-27 09:30:00,130] {processor.py:153} INFO - Started process (PID=239) to work on /opt/airflow/dags/sample_dag.py
[2023-01-27 09:30:00,131] {processor.py:641} INFO - Processing file /opt/airflow/dags/sample_dag.py for tasks to queue
[2023-01-27 09:30:00,135] {logging_mixin.py:115} INFO - [2023-01-27 09:30:00,135] {dagbag.py:507} INFO - Filling up the DagBag from /opt/airflow/dags/sample_dag.py
[2023-01-27 09:30:00,626] {processor.py:651} INFO - DAG(s) dict_keys(['first_sample_dag']) retrieved from /opt/airflow/dags/sample_dag.py
[2023-01-27 09:30:03,237] {logging_mixin.py:115} INFO - [2023-01-27 09:30:03,237] {dag.py:2371} INFO - Sync 1 DAGs
[2023-01-27 09:30:35,368] {logging_mixin.py:115} INFO - [2023-01-27 09:30:35,368] {dag.py:2919} INFO - Setting next_dagrun for first_sample_dag to None, run_after=None
[2023-01-27 09:30:40,859] {processor.py:161} INFO - Processing /opt/airflow/dags/sample_dag.py took 40.854 seconds
[2023-01-27 09:31:11,903] {processor.py:153} INFO - Started process (PID=244) to work on /opt/airflow/dags/sample_dag.py
[2023-01-27 09:31:11,904] {processor.py:641} INFO - Processing file /opt/airflow/dags/sample_dag.py for tasks to queue
[2023-01-27 09:31:11,905] {logging_mixin.py:115} INFO - [2023-01-27 09:31:11,905] {dagbag.py:507} INFO - Filling up the DagBag from /opt/airflow/dags/sample_dag.py
[2023-01-27 09:31:11,946] {processor.py:651} INFO - DAG(s) dict_keys(['first_sample_dag']) retrieved from /opt/airflow/dags/sample_dag.py
[2023-01-27 09:31:14,754] {logging_mixin.py:115} INFO - [2023-01-27 09:31:14,754] {dag.py:2371} INFO - Sync 1 DAGs
[2023-01-27 09:31:28,716] {logging_mixin.py:115} INFO - [2023-01-27 09:31:28,715] {dag.py:2919} INFO - Setting next_dagrun for first_sample_dag to None, run_after=None
[2023-01-27 09:31:28,986] {processor.py:161} INFO - Processing /opt/airflow/dags/sample_dag.py took 17.086 seconds
[2023-01-27 09:31:59,110] {processor.py:153} INFO - Started process (PID=249) to work on /opt/airflow/dags/sample_dag.py
[2023-01-27 09:31:59,111] {processor.py:641} INFO - Processing file /opt/airflow/dags/sample_dag.py for tasks to queue
[2023-01-27 09:31:59,113] {logging_mixin.py:115} INFO - [2023-01-27 09:31:59,113] {dagbag.py:507} INFO - Filling up the DagBag from /opt/airflow/dags/sample_dag.py
[2023-01-27 09:31:59,225] {processor.py:651} INFO - DAG(s) dict_keys(['first_sample_dag']) retrieved from /opt/airflow/dags/sample_dag.py
[2023-01-27 09:31:59,825] {logging_mixin.py:115} INFO - [2023-01-27 09:31:59,825] {dag.py:2371} INFO - Sync 1 DAGs
[2023-01-27 09:31:59,941] {logging_mixin.py:115} INFO - [2023-01-27 09:31:59,941] {dag.py:2919} INFO - Setting next_dagrun for first_sample_dag to None, run_after=None
[2023-01-27 09:32:00,126] {processor.py:161} INFO - Processing /opt/airflow/dags/sample_dag.py took 1.020 seconds
[2023-01-27 09:32:31,012] {processor.py:153} INFO - Started process (PID=254) to work on /opt/airflow/dags/sample_dag.py
[2023-01-27 09:32:31,015] {processor.py:641} INFO - Processing file /opt/airflow/dags/sample_dag.py for tasks to queue
[2023-01-27 09:32:31,207] {logging_mixin.py:115} INFO - [2023-01-27 09:32:31,207] {dagbag.py:507} INFO - Filling up the DagBag from /opt/airflow/dags/sample_dag.py
[2023-01-27 09:32:40,120] {processor.py:651} INFO - DAG(s) dict_keys(['first_sample_dag']) retrieved from /opt/airflow/dags/sample_dag.py
[2023-01-27 09:32:42,102] {logging_mixin.py:115} INFO - [2023-01-27 09:32:42,102] {dag.py:2371} INFO - Sync 1 DAGs
[2023-01-27 09:32:44,937] {logging_mixin.py:115} INFO - [2023-01-27 09:32:44,937] {dag.py:2919} INFO - Setting next_dagrun for first_sample_dag to None, run_after=None
[2023-01-27 09:32:45,281] {processor.py:161} INFO - Processing /opt/airflow/dags/sample_dag.py took 14.278 seconds
[2023-01-27 09:33:17,193] {processor.py:153} INFO - Started process (PID=259) to work on /opt/airflow/dags/sample_dag.py
[2023-01-27 09:33:17,195] {processor.py:641} INFO - Processing file /opt/airflow/dags/sample_dag.py for tasks to queue
[2023-01-27 09:33:17,196] {logging_mixin.py:115} INFO - [2023-01-27 09:33:17,196] {dagbag.py:507} INFO - Filling up the DagBag from /opt/airflow/dags/sample_dag.py
[2023-01-27 09:33:19,013] {processor.py:651} INFO - DAG(s) dict_keys(['first_sample_dag']) retrieved from /opt/airflow/dags/sample_dag.py
[2023-01-27 09:33:26,418] {logging_mixin.py:115} INFO - [2023-01-27 09:33:26,418] {dag.py:2371} INFO - Sync 1 DAGs
[2023-01-27 09:34:06,795] {processor.py:153} INFO - Started process (PID=263) to work on /opt/airflow/dags/sample_dag.py
[2023-01-27 09:34:06,798] {processor.py:641} INFO - Processing file /opt/airflow/dags/sample_dag.py for tasks to queue
[2023-01-27 09:34:06,801] {logging_mixin.py:115} INFO - [2023-01-27 09:34:06,800] {dagbag.py:507} INFO - Filling up the DagBag from /opt/airflow/dags/sample_dag.py
[2023-01-27 09:34:06,855] {processor.py:651} INFO - DAG(s) dict_keys(['first_sample_dag']) retrieved from /opt/airflow/dags/sample_dag.py
[2023-01-27 09:34:07,697] {logging_mixin.py:115} INFO - [2023-01-27 09:34:07,697] {dag.py:2371} INFO - Sync 1 DAGs
[2023-01-27 09:34:15,189] {logging_mixin.py:115} INFO - [2023-01-27 09:34:15,188] {dag.py:2919} INFO - Setting next_dagrun for first_sample_dag to None, run_after=None
[2023-01-27 09:34:27,203] {processor.py:161} INFO - Processing /opt/airflow/dags/sample_dag.py took 20.399 seconds
[2023-01-27 09:35:03,347] {processor.py:153} INFO - Started process (PID=268) to work on /opt/airflow/dags/sample_dag.py
[2023-01-27 09:35:03,349] {processor.py:641} INFO - Processing file /opt/airflow/dags/sample_dag.py for tasks to queue
[2023-01-27 09:35:03,351] {logging_mixin.py:115} INFO - [2023-01-27 09:35:03,351] {dagbag.py:507} INFO - Filling up the DagBag from /opt/airflow/dags/sample_dag.py
[2023-01-27 09:35:08,280] {processor.py:651} INFO - DAG(s) dict_keys(['first_sample_dag']) retrieved from /opt/airflow/dags/sample_dag.py
[2023-01-27 09:35:18,481] {logging_mixin.py:115} INFO - [2023-01-27 09:35:18,481] {dag.py:2371} INFO - Sync 1 DAGs
[2023-01-27 09:35:37,153] {logging_mixin.py:115} INFO - [2023-01-27 09:35:37,152] {dag.py:2919} INFO - Setting next_dagrun for first_sample_dag to None, run_after=None
[2023-01-27 09:35:51,915] {processor.py:153} INFO - Started process (PID=271) to work on /opt/airflow/dags/sample_dag.py
[2023-01-27 09:35:51,917] {processor.py:641} INFO - Processing file /opt/airflow/dags/sample_dag.py for tasks to queue
[2023-01-27 09:35:51,918] {logging_mixin.py:115} INFO - [2023-01-27 09:35:51,918] {dagbag.py:507} INFO - Filling up the DagBag from /opt/airflow/dags/sample_dag.py
[2023-01-27 09:35:51,962] {processor.py:651} INFO - DAG(s) dict_keys(['first_sample_dag']) retrieved from /opt/airflow/dags/sample_dag.py
[2023-01-27 09:35:58,289] {logging_mixin.py:115} INFO - [2023-01-27 09:35:58,289] {dag.py:2371} INFO - Sync 1 DAGs
[2023-01-27 09:35:59,048] {logging_mixin.py:115} INFO - [2023-01-27 09:35:59,048] {dag.py:2919} INFO - Setting next_dagrun for first_sample_dag to None, run_after=None
[2023-01-27 09:36:07,076] {processor.py:161} INFO - Processing /opt/airflow/dags/sample_dag.py took 15.164 seconds
[2023-01-27 09:36:42,205] {processor.py:153} INFO - Started process (PID=276) to work on /opt/airflow/dags/sample_dag.py
[2023-01-27 09:36:42,207] {processor.py:641} INFO - Processing file /opt/airflow/dags/sample_dag.py for tasks to queue
[2023-01-27 09:36:42,209] {logging_mixin.py:115} INFO - [2023-01-27 09:36:42,208] {dagbag.py:507} INFO - Filling up the DagBag from /opt/airflow/dags/sample_dag.py
[2023-01-27 09:36:42,248] {processor.py:651} INFO - DAG(s) dict_keys(['first_sample_dag']) retrieved from /opt/airflow/dags/sample_dag.py
[2023-01-27 09:36:42,288] {logging_mixin.py:115} INFO - [2023-01-27 09:36:42,288] {dag.py:2371} INFO - Sync 1 DAGs
[2023-01-27 09:36:44,675] {logging_mixin.py:115} INFO - [2023-01-27 09:36:44,675] {dag.py:2919} INFO - Setting next_dagrun for first_sample_dag to None, run_after=None
[2023-01-27 09:36:49,881] {processor.py:161} INFO - Processing /opt/airflow/dags/sample_dag.py took 12.047 seconds
[2023-01-27 09:37:20,693] {processor.py:153} INFO - Started process (PID=281) to work on /opt/airflow/dags/sample_dag.py
[2023-01-27 09:37:20,696] {processor.py:641} INFO - Processing file /opt/airflow/dags/sample_dag.py for tasks to queue
[2023-01-27 09:37:20,699] {logging_mixin.py:115} INFO - [2023-01-27 09:37:20,698] {dagbag.py:507} INFO - Filling up the DagBag from /opt/airflow/dags/sample_dag.py
[2023-01-27 09:37:20,846] {processor.py:651} INFO - DAG(s) dict_keys(['first_sample_dag']) retrieved from /opt/airflow/dags/sample_dag.py
[2023-01-27 09:37:21,666] {logging_mixin.py:115} INFO - [2023-01-27 09:37:21,616] {dag.py:2371} INFO - Sync 1 DAGs
[2023-01-27 09:37:22,273] {logging_mixin.py:115} INFO - [2023-01-27 09:37:22,273] {dag.py:2919} INFO - Setting next_dagrun for first_sample_dag to None, run_after=None
[2023-01-27 09:37:22,597] {processor.py:161} INFO - Processing /opt/airflow/dags/sample_dag.py took 2.081 seconds
[2023-01-27 09:37:53,084] {processor.py:153} INFO - Started process (PID=286) to work on /opt/airflow/dags/sample_dag.py
[2023-01-27 09:37:53,087] {processor.py:641} INFO - Processing file /opt/airflow/dags/sample_dag.py for tasks to queue
[2023-01-27 09:37:53,090] {logging_mixin.py:115} INFO - [2023-01-27 09:37:53,089] {dagbag.py:507} INFO - Filling up the DagBag from /opt/airflow/dags/sample_dag.py
[2023-01-27 09:37:53,626] {processor.py:651} INFO - DAG(s) dict_keys(['first_sample_dag']) retrieved from /opt/airflow/dags/sample_dag.py
[2023-01-27 09:37:54,878] {logging_mixin.py:115} INFO - [2023-01-27 09:37:54,878] {dag.py:2371} INFO - Sync 1 DAGs
[2023-01-27 09:37:55,202] {logging_mixin.py:115} INFO - [2023-01-27 09:37:55,202] {dag.py:2919} INFO - Setting next_dagrun for first_sample_dag to None, run_after=None
[2023-01-27 09:37:55,295] {processor.py:161} INFO - Processing /opt/airflow/dags/sample_dag.py took 2.186 seconds
[2023-01-27 09:38:26,358] {processor.py:153} INFO - Started process (PID=291) to work on /opt/airflow/dags/sample_dag.py
[2023-01-27 09:38:26,360] {processor.py:641} INFO - Processing file /opt/airflow/dags/sample_dag.py for tasks to queue
[2023-01-27 09:38:26,362] {logging_mixin.py:115} INFO - [2023-01-27 09:38:26,362] {dagbag.py:507} INFO - Filling up the DagBag from /opt/airflow/dags/sample_dag.py
[2023-01-27 09:38:26,418] {processor.py:651} INFO - DAG(s) dict_keys(['first_sample_dag']) retrieved from /opt/airflow/dags/sample_dag.py
[2023-01-27 09:38:28,581] {logging_mixin.py:115} INFO - [2023-01-27 09:38:28,581] {dag.py:2371} INFO - Sync 1 DAGs
[2023-01-27 09:38:28,978] {logging_mixin.py:115} INFO - [2023-01-27 09:38:28,978] {dag.py:2919} INFO - Setting next_dagrun for first_sample_dag to None, run_after=None
[2023-01-27 09:38:29,110] {processor.py:161} INFO - Processing /opt/airflow/dags/sample_dag.py took 2.841 seconds
[2023-01-27 09:38:59,823] {processor.py:153} INFO - Started process (PID=296) to work on /opt/airflow/dags/sample_dag.py
[2023-01-27 09:38:59,824] {processor.py:641} INFO - Processing file /opt/airflow/dags/sample_dag.py for tasks to queue
[2023-01-27 09:38:59,825] {logging_mixin.py:115} INFO - [2023-01-27 09:38:59,825] {dagbag.py:507} INFO - Filling up the DagBag from /opt/airflow/dags/sample_dag.py
[2023-01-27 09:38:59,867] {processor.py:651} INFO - DAG(s) dict_keys(['first_sample_dag']) retrieved from /opt/airflow/dags/sample_dag.py
[2023-01-27 09:39:03,426] {logging_mixin.py:115} INFO - [2023-01-27 09:39:03,426] {dag.py:2371} INFO - Sync 1 DAGs
[2023-01-27 09:39:03,462] {logging_mixin.py:115} INFO - [2023-01-27 09:39:03,462] {dag.py:2919} INFO - Setting next_dagrun for first_sample_dag to None, run_after=None
[2023-01-27 09:39:04,671] {processor.py:161} INFO - Processing /opt/airflow/dags/sample_dag.py took 5.426 seconds
[2023-01-27 09:39:36,409] {processor.py:153} INFO - Started process (PID=301) to work on /opt/airflow/dags/sample_dag.py
[2023-01-27 09:39:36,411] {processor.py:641} INFO - Processing file /opt/airflow/dags/sample_dag.py for tasks to queue
[2023-01-27 09:39:36,413] {logging_mixin.py:115} INFO - [2023-01-27 09:39:36,413] {dagbag.py:507} INFO - Filling up the DagBag from /opt/airflow/dags/sample_dag.py
[2023-01-27 09:39:36,463] {processor.py:651} INFO - DAG(s) dict_keys(['first_sample_dag']) retrieved from /opt/airflow/dags/sample_dag.py
[2023-01-27 09:39:39,272] {logging_mixin.py:115} INFO - [2023-01-27 09:39:39,272] {dag.py:2371} INFO - Sync 1 DAGs
[2023-01-27 09:39:39,303] {logging_mixin.py:115} INFO - [2023-01-27 09:39:39,303] {dag.py:2919} INFO - Setting next_dagrun for first_sample_dag to None, run_after=None
[2023-01-27 09:39:41,596] {processor.py:161} INFO - Processing /opt/airflow/dags/sample_dag.py took 6.487 seconds
[2023-01-27 09:40:12,623] {processor.py:153} INFO - Started process (PID=306) to work on /opt/airflow/dags/sample_dag.py
[2023-01-27 09:40:12,625] {processor.py:641} INFO - Processing file /opt/airflow/dags/sample_dag.py for tasks to queue
[2023-01-27 09:40:12,628] {logging_mixin.py:115} INFO - [2023-01-27 09:40:12,628] {dagbag.py:507} INFO - Filling up the DagBag from /opt/airflow/dags/sample_dag.py
[2023-01-27 09:40:12,668] {processor.py:651} INFO - DAG(s) dict_keys(['first_sample_dag']) retrieved from /opt/airflow/dags/sample_dag.py
[2023-01-27 09:40:14,225] {logging_mixin.py:115} INFO - [2023-01-27 09:40:14,224] {dag.py:2371} INFO - Sync 1 DAGs
[2023-01-27 09:40:16,544] {logging_mixin.py:115} INFO - [2023-01-27 09:40:16,544] {dag.py:2919} INFO - Setting next_dagrun for first_sample_dag to None, run_after=None
[2023-01-27 09:40:31,218] {processor.py:161} INFO - Processing /opt/airflow/dags/sample_dag.py took 19.569 seconds
[2023-01-27 09:41:02,425] {processor.py:153} INFO - Started process (PID=311) to work on /opt/airflow/dags/sample_dag.py
[2023-01-27 09:41:02,427] {processor.py:641} INFO - Processing file /opt/airflow/dags/sample_dag.py for tasks to queue
[2023-01-27 09:41:02,429] {logging_mixin.py:115} INFO - [2023-01-27 09:41:02,428] {dagbag.py:507} INFO - Filling up the DagBag from /opt/airflow/dags/sample_dag.py
[2023-01-27 09:41:02,658] {processor.py:651} INFO - DAG(s) dict_keys(['first_sample_dag']) retrieved from /opt/airflow/dags/sample_dag.py
[2023-01-27 09:41:04,557] {logging_mixin.py:115} INFO - [2023-01-27 09:41:04,557] {dag.py:2371} INFO - Sync 1 DAGs
[2023-01-27 09:41:04,592] {logging_mixin.py:115} INFO - [2023-01-27 09:41:04,592] {dag.py:2919} INFO - Setting next_dagrun for first_sample_dag to None, run_after=None
[2023-01-27 09:41:10,885] {processor.py:161} INFO - Processing /opt/airflow/dags/sample_dag.py took 8.463 seconds
[2023-01-27 09:41:40,970] {processor.py:153} INFO - Started process (PID=316) to work on /opt/airflow/dags/sample_dag.py
[2023-01-27 09:41:40,971] {processor.py:641} INFO - Processing file /opt/airflow/dags/sample_dag.py for tasks to queue
[2023-01-27 09:41:40,972] {logging_mixin.py:115} INFO - [2023-01-27 09:41:40,972] {dagbag.py:507} INFO - Filling up the DagBag from /opt/airflow/dags/sample_dag.py
[2023-01-27 09:41:42,496] {processor.py:651} INFO - DAG(s) dict_keys(['first_sample_dag']) retrieved from /opt/airflow/dags/sample_dag.py
[2023-01-27 09:41:43,220] {logging_mixin.py:115} INFO - [2023-01-27 09:41:43,220] {dag.py:2371} INFO - Sync 1 DAGs
[2023-01-27 09:41:43,334] {logging_mixin.py:115} INFO - [2023-01-27 09:41:43,333] {dag.py:2919} INFO - Setting next_dagrun for first_sample_dag to None, run_after=None
[2023-01-27 09:41:44,167] {processor.py:161} INFO - Processing /opt/airflow/dags/sample_dag.py took 3.201 seconds
[2023-01-27 09:42:15,715] {processor.py:153} INFO - Started process (PID=321) to work on /opt/airflow/dags/sample_dag.py
[2023-01-27 09:42:15,717] {processor.py:641} INFO - Processing file /opt/airflow/dags/sample_dag.py for tasks to queue
[2023-01-27 09:42:15,719] {logging_mixin.py:115} INFO - [2023-01-27 09:42:15,719] {dagbag.py:507} INFO - Filling up the DagBag from /opt/airflow/dags/sample_dag.py
[2023-01-27 09:42:15,769] {processor.py:651} INFO - DAG(s) dict_keys(['first_sample_dag']) retrieved from /opt/airflow/dags/sample_dag.py
[2023-01-27 09:42:17,244] {logging_mixin.py:115} INFO - [2023-01-27 09:42:17,244] {dag.py:2371} INFO - Sync 1 DAGs
[2023-01-27 09:42:17,289] {logging_mixin.py:115} INFO - [2023-01-27 09:42:17,289] {dag.py:2919} INFO - Setting next_dagrun for first_sample_dag to None, run_after=None
[2023-01-27 09:42:27,474] {processor.py:161} INFO - Processing /opt/airflow/dags/sample_dag.py took 11.763 seconds
[2023-01-27 09:42:58,090] {processor.py:153} INFO - Started process (PID=326) to work on /opt/airflow/dags/sample_dag.py
[2023-01-27 09:42:58,092] {processor.py:641} INFO - Processing file /opt/airflow/dags/sample_dag.py for tasks to queue
[2023-01-27 09:42:58,094] {logging_mixin.py:115} INFO - [2023-01-27 09:42:58,093] {dagbag.py:507} INFO - Filling up the DagBag from /opt/airflow/dags/sample_dag.py
[2023-01-27 09:42:58,133] {processor.py:651} INFO - DAG(s) dict_keys(['first_sample_dag']) retrieved from /opt/airflow/dags/sample_dag.py
[2023-01-27 09:42:58,169] {logging_mixin.py:115} INFO - [2023-01-27 09:42:58,169] {dag.py:2371} INFO - Sync 1 DAGs
[2023-01-27 09:43:00,985] {logging_mixin.py:115} INFO - [2023-01-27 09:43:00,985] {dag.py:2919} INFO - Setting next_dagrun for first_sample_dag to None, run_after=None
[2023-01-27 09:43:07,508] {processor.py:161} INFO - Processing /opt/airflow/dags/sample_dag.py took 9.174 seconds
[2023-01-27 09:43:40,051] {processor.py:153} INFO - Started process (PID=331) to work on /opt/airflow/dags/sample_dag.py
[2023-01-27 09:43:40,053] {processor.py:641} INFO - Processing file /opt/airflow/dags/sample_dag.py for tasks to queue
[2023-01-27 09:43:40,054] {logging_mixin.py:115} INFO - [2023-01-27 09:43:40,054] {dagbag.py:507} INFO - Filling up the DagBag from /opt/airflow/dags/sample_dag.py
[2023-01-27 09:43:40,323] {processor.py:651} INFO - DAG(s) dict_keys(['first_sample_dag']) retrieved from /opt/airflow/dags/sample_dag.py
[2023-01-27 09:43:49,406] {logging_mixin.py:115} INFO - [2023-01-27 09:43:49,406] {dag.py:2371} INFO - Sync 1 DAGs
[2023-01-27 09:43:52,886] {logging_mixin.py:115} INFO - [2023-01-27 09:43:52,886] {dag.py:2919} INFO - Setting next_dagrun for first_sample_dag to None, run_after=None
[2023-01-27 09:43:58,519] {processor.py:161} INFO - Processing /opt/airflow/dags/sample_dag.py took 19.484 seconds
[2023-01-27 09:44:38,756] {processor.py:153} INFO - Started process (PID=336) to work on /opt/airflow/dags/sample_dag.py
[2023-01-27 09:44:40,137] {processor.py:641} INFO - Processing file /opt/airflow/dags/sample_dag.py for tasks to queue
[2023-01-27 09:44:40,139] {logging_mixin.py:115} INFO - [2023-01-27 09:44:40,139] {dagbag.py:507} INFO - Filling up the DagBag from /opt/airflow/dags/sample_dag.py
[2023-01-27 09:44:44,572] {processor.py:651} INFO - DAG(s) dict_keys(['first_sample_dag']) retrieved from /opt/airflow/dags/sample_dag.py
[2023-01-27 09:44:44,611] {logging_mixin.py:115} INFO - [2023-01-27 09:44:44,611] {dag.py:2371} INFO - Sync 1 DAGs
[2023-01-27 09:44:44,651] {logging_mixin.py:115} INFO - [2023-01-27 09:44:44,651] {dag.py:2919} INFO - Setting next_dagrun for first_sample_dag to None, run_after=None
[2023-01-27 09:44:59,833] {processor.py:161} INFO - Processing /opt/airflow/dags/sample_dag.py took 26.079 seconds
[2023-01-27 09:45:36,837] {processor.py:153} INFO - Started process (PID=341) to work on /opt/airflow/dags/sample_dag.py
[2023-01-27 09:45:36,839] {processor.py:641} INFO - Processing file /opt/airflow/dags/sample_dag.py for tasks to queue
[2023-01-27 09:45:36,841] {logging_mixin.py:115} INFO - [2023-01-27 09:45:36,841] {dagbag.py:507} INFO - Filling up the DagBag from /opt/airflow/dags/sample_dag.py
[2023-01-27 09:45:36,879] {processor.py:651} INFO - DAG(s) dict_keys(['first_sample_dag']) retrieved from /opt/airflow/dags/sample_dag.py
[2023-01-27 09:45:36,921] {logging_mixin.py:115} INFO - [2023-01-27 09:45:36,921] {dag.py:2371} INFO - Sync 1 DAGs
[2023-01-27 09:45:36,954] {logging_mixin.py:115} INFO - [2023-01-27 09:45:36,954] {dag.py:2919} INFO - Setting next_dagrun for first_sample_dag to None, run_after=None
[2023-01-27 09:45:53,086] {processor.py:161} INFO - Processing /opt/airflow/dags/sample_dag.py took 16.255 seconds
[2023-01-27 09:46:28,389] {processor.py:153} INFO - Started process (PID=346) to work on /opt/airflow/dags/sample_dag.py
[2023-01-27 09:46:28,391] {processor.py:641} INFO - Processing file /opt/airflow/dags/sample_dag.py for tasks to queue
[2023-01-27 09:46:28,393] {logging_mixin.py:115} INFO - [2023-01-27 09:46:28,393] {dagbag.py:507} INFO - Filling up the DagBag from /opt/airflow/dags/sample_dag.py
[2023-01-27 09:46:31,462] {processor.py:651} INFO - DAG(s) dict_keys(['first_sample_dag']) retrieved from /opt/airflow/dags/sample_dag.py
[2023-01-27 09:46:34,216] {logging_mixin.py:115} INFO - [2023-01-27 09:46:34,216] {dag.py:2371} INFO - Sync 1 DAGs
[2023-01-27 09:46:34,249] {logging_mixin.py:115} INFO - [2023-01-27 09:46:34,248] {dag.py:2919} INFO - Setting next_dagrun for first_sample_dag to None, run_after=None
[2023-01-27 09:46:51,548] {processor.py:161} INFO - Processing /opt/airflow/dags/sample_dag.py took 26.395 seconds
[2023-01-27 09:47:32,086] {processor.py:153} INFO - Started process (PID=351) to work on /opt/airflow/dags/sample_dag.py
[2023-01-27 09:47:32,277] {processor.py:641} INFO - Processing file /opt/airflow/dags/sample_dag.py for tasks to queue
[2023-01-27 09:47:34,235] {logging_mixin.py:115} INFO - [2023-01-27 09:47:34,235] {dagbag.py:507} INFO - Filling up the DagBag from /opt/airflow/dags/sample_dag.py
[2023-01-27 09:47:38,571] {processor.py:651} INFO - DAG(s) dict_keys(['first_sample_dag']) retrieved from /opt/airflow/dags/sample_dag.py
[2023-01-27 09:47:38,616] {logging_mixin.py:115} INFO - [2023-01-27 09:47:38,616] {dag.py:2371} INFO - Sync 1 DAGs
[2023-01-27 09:47:38,666] {logging_mixin.py:115} INFO - [2023-01-27 09:47:38,666] {dag.py:2919} INFO - Setting next_dagrun for first_sample_dag to None, run_after=None
[2023-01-27 09:47:39,252] {processor.py:161} INFO - Processing /opt/airflow/dags/sample_dag.py took 7.900 seconds
[2023-01-27 09:48:10,848] {processor.py:153} INFO - Started process (PID=356) to work on /opt/airflow/dags/sample_dag.py
[2023-01-27 09:48:10,849] {processor.py:641} INFO - Processing file /opt/airflow/dags/sample_dag.py for tasks to queue
[2023-01-27 09:48:10,851] {logging_mixin.py:115} INFO - [2023-01-27 09:48:10,851] {dagbag.py:507} INFO - Filling up the DagBag from /opt/airflow/dags/sample_dag.py
[2023-01-27 09:48:10,891] {processor.py:651} INFO - DAG(s) dict_keys(['first_sample_dag']) retrieved from /opt/airflow/dags/sample_dag.py
[2023-01-27 09:48:11,890] {logging_mixin.py:115} INFO - [2023-01-27 09:48:11,889] {dag.py:2371} INFO - Sync 1 DAGs
[2023-01-27 09:48:11,927] {logging_mixin.py:115} INFO - [2023-01-27 09:48:11,927] {dag.py:2919} INFO - Setting next_dagrun for first_sample_dag to None, run_after=None
[2023-01-27 09:48:12,827] {processor.py:161} INFO - Processing /opt/airflow/dags/sample_dag.py took 2.083 seconds
[2023-01-27 09:48:44,960] {processor.py:153} INFO - Started process (PID=361) to work on /opt/airflow/dags/sample_dag.py
[2023-01-27 09:48:44,962] {processor.py:641} INFO - Processing file /opt/airflow/dags/sample_dag.py for tasks to queue
[2023-01-27 09:48:44,963] {logging_mixin.py:115} INFO - [2023-01-27 09:48:44,963] {dagbag.py:507} INFO - Filling up the DagBag from /opt/airflow/dags/sample_dag.py
[2023-01-27 09:48:47,782] {processor.py:651} INFO - DAG(s) dict_keys(['first_sample_dag']) retrieved from /opt/airflow/dags/sample_dag.py
[2023-01-27 09:49:02,737] {logging_mixin.py:115} INFO - [2023-01-27 09:49:02,737] {dag.py:2371} INFO - Sync 1 DAGs
[2023-01-27 09:49:02,772] {logging_mixin.py:115} INFO - [2023-01-27 09:49:02,771] {dag.py:2919} INFO - Setting next_dagrun for first_sample_dag to None, run_after=None
[2023-01-27 09:49:03,593] {processor.py:161} INFO - Processing /opt/airflow/dags/sample_dag.py took 18.635 seconds
[2023-01-27 09:49:34,555] {processor.py:153} INFO - Started process (PID=366) to work on /opt/airflow/dags/sample_dag.py
[2023-01-27 09:49:34,557] {processor.py:641} INFO - Processing file /opt/airflow/dags/sample_dag.py for tasks to queue
[2023-01-27 09:49:34,558] {logging_mixin.py:115} INFO - [2023-01-27 09:49:34,558] {dagbag.py:507} INFO - Filling up the DagBag from /opt/airflow/dags/sample_dag.py
[2023-01-27 09:49:38,323] {processor.py:651} INFO - DAG(s) dict_keys(['first_sample_dag']) retrieved from /opt/airflow/dags/sample_dag.py
[2023-01-27 09:49:40,528] {logging_mixin.py:115} INFO - [2023-01-27 09:49:40,527] {dag.py:2371} INFO - Sync 1 DAGs
[2023-01-27 09:49:40,669] {logging_mixin.py:115} INFO - [2023-01-27 09:49:40,669] {dag.py:2919} INFO - Setting next_dagrun for first_sample_dag to None, run_after=None
[2023-01-27 09:49:41,720] {processor.py:161} INFO - Processing /opt/airflow/dags/sample_dag.py took 7.407 seconds
[2023-01-27 09:50:12,858] {processor.py:153} INFO - Started process (PID=371) to work on /opt/airflow/dags/sample_dag.py
[2023-01-27 09:50:12,859] {processor.py:641} INFO - Processing file /opt/airflow/dags/sample_dag.py for tasks to queue
[2023-01-27 09:50:12,861] {logging_mixin.py:115} INFO - [2023-01-27 09:50:12,861] {dagbag.py:507} INFO - Filling up the DagBag from /opt/airflow/dags/sample_dag.py
[2023-01-27 09:50:15,199] {processor.py:651} INFO - DAG(s) dict_keys(['first_sample_dag']) retrieved from /opt/airflow/dags/sample_dag.py
[2023-01-27 09:50:18,528] {logging_mixin.py:115} INFO - [2023-01-27 09:50:18,528] {dag.py:2371} INFO - Sync 1 DAGs
[2023-01-27 09:50:18,903] {logging_mixin.py:115} INFO - [2023-01-27 09:50:18,903] {dag.py:2919} INFO - Setting next_dagrun for first_sample_dag to None, run_after=None
[2023-01-27 09:50:29,631] {processor.py:161} INFO - Processing /opt/airflow/dags/sample_dag.py took 17.165 seconds
[2023-01-27 09:51:00,398] {processor.py:153} INFO - Started process (PID=376) to work on /opt/airflow/dags/sample_dag.py
[2023-01-27 09:51:00,400] {processor.py:641} INFO - Processing file /opt/airflow/dags/sample_dag.py for tasks to queue
[2023-01-27 09:51:00,402] {logging_mixin.py:115} INFO - [2023-01-27 09:51:00,401] {dagbag.py:507} INFO - Filling up the DagBag from /opt/airflow/dags/sample_dag.py
[2023-01-27 09:51:00,582] {processor.py:651} INFO - DAG(s) dict_keys(['first_sample_dag']) retrieved from /opt/airflow/dags/sample_dag.py
[2023-01-27 09:51:00,867] {logging_mixin.py:115} INFO - [2023-01-27 09:51:00,867] {dag.py:2371} INFO - Sync 1 DAGs
[2023-01-27 09:51:00,916] {logging_mixin.py:115} INFO - [2023-01-27 09:51:00,916] {dag.py:2919} INFO - Setting next_dagrun for first_sample_dag to None, run_after=None
[2023-01-27 09:51:01,812] {processor.py:161} INFO - Processing /opt/airflow/dags/sample_dag.py took 1.422 seconds
[2023-01-27 09:51:32,796] {processor.py:153} INFO - Started process (PID=381) to work on /opt/airflow/dags/sample_dag.py
[2023-01-27 09:51:32,797] {processor.py:641} INFO - Processing file /opt/airflow/dags/sample_dag.py for tasks to queue
[2023-01-27 09:51:32,798] {logging_mixin.py:115} INFO - [2023-01-27 09:51:32,798] {dagbag.py:507} INFO - Filling up the DagBag from /opt/airflow/dags/sample_dag.py
[2023-01-27 09:51:33,079] {processor.py:651} INFO - DAG(s) dict_keys(['first_sample_dag']) retrieved from /opt/airflow/dags/sample_dag.py
[2023-01-27 09:51:33,463] {logging_mixin.py:115} INFO - [2023-01-27 09:51:33,463] {dag.py:2371} INFO - Sync 1 DAGs
[2023-01-27 09:51:33,502] {logging_mixin.py:115} INFO - [2023-01-27 09:51:33,502] {dag.py:2919} INFO - Setting next_dagrun for first_sample_dag to None, run_after=None
[2023-01-27 09:51:33,858] {processor.py:161} INFO - Processing /opt/airflow/dags/sample_dag.py took 1.067 seconds
[2023-01-27 09:52:04,052] {processor.py:153} INFO - Started process (PID=386) to work on /opt/airflow/dags/sample_dag.py
[2023-01-27 09:52:04,054] {processor.py:641} INFO - Processing file /opt/airflow/dags/sample_dag.py for tasks to queue
[2023-01-27 09:52:04,055] {logging_mixin.py:115} INFO - [2023-01-27 09:52:04,055] {dagbag.py:507} INFO - Filling up the DagBag from /opt/airflow/dags/sample_dag.py
[2023-01-27 09:52:04,707] {processor.py:651} INFO - DAG(s) dict_keys(['first_sample_dag']) retrieved from /opt/airflow/dags/sample_dag.py
[2023-01-27 09:52:06,096] {logging_mixin.py:115} INFO - [2023-01-27 09:52:06,096] {dag.py:2371} INFO - Sync 1 DAGs
[2023-01-27 09:52:13,503] {logging_mixin.py:115} INFO - [2023-01-27 09:52:13,502] {dag.py:2919} INFO - Setting next_dagrun for first_sample_dag to None, run_after=None
[2023-01-27 09:52:14,132] {processor.py:161} INFO - Processing /opt/airflow/dags/sample_dag.py took 10.084 seconds
[2023-01-27 09:52:45,623] {processor.py:153} INFO - Started process (PID=391) to work on /opt/airflow/dags/sample_dag.py
[2023-01-27 09:52:45,625] {processor.py:641} INFO - Processing file /opt/airflow/dags/sample_dag.py for tasks to queue
[2023-01-27 09:52:45,626] {logging_mixin.py:115} INFO - [2023-01-27 09:52:45,626] {dagbag.py:507} INFO - Filling up the DagBag from /opt/airflow/dags/sample_dag.py
[2023-01-27 09:52:46,096] {processor.py:651} INFO - DAG(s) dict_keys(['first_sample_dag']) retrieved from /opt/airflow/dags/sample_dag.py
[2023-01-27 09:52:48,644] {logging_mixin.py:115} INFO - [2023-01-27 09:52:48,644] {dag.py:2371} INFO - Sync 1 DAGs
[2023-01-27 09:52:52,672] {logging_mixin.py:115} INFO - [2023-01-27 09:52:52,672] {dag.py:2919} INFO - Setting next_dagrun for first_sample_dag to None, run_after=None
[2023-01-27 09:52:53,958] {processor.py:161} INFO - Processing /opt/airflow/dags/sample_dag.py took 8.897 seconds
[2023-01-27 09:53:27,342] {processor.py:153} INFO - Started process (PID=396) to work on /opt/airflow/dags/sample_dag.py
[2023-01-27 09:53:27,344] {processor.py:641} INFO - Processing file /opt/airflow/dags/sample_dag.py for tasks to queue
[2023-01-27 09:53:27,346] {logging_mixin.py:115} INFO - [2023-01-27 09:53:27,345] {dagbag.py:507} INFO - Filling up the DagBag from /opt/airflow/dags/sample_dag.py
[2023-01-27 09:53:28,707] {processor.py:651} INFO - DAG(s) dict_keys(['first_sample_dag']) retrieved from /opt/airflow/dags/sample_dag.py
[2023-01-27 09:53:29,259] {logging_mixin.py:115} INFO - [2023-01-27 09:53:29,259] {dag.py:2371} INFO - Sync 1 DAGs
[2023-01-27 09:53:34,607] {logging_mixin.py:115} INFO - [2023-01-27 09:53:34,607] {dag.py:2919} INFO - Setting next_dagrun for first_sample_dag to None, run_after=None
[2023-01-27 09:53:36,394] {processor.py:161} INFO - Processing /opt/airflow/dags/sample_dag.py took 9.057 seconds
[2023-01-27 09:54:09,935] {processor.py:153} INFO - Started process (PID=401) to work on /opt/airflow/dags/sample_dag.py
[2023-01-27 09:54:09,936] {processor.py:641} INFO - Processing file /opt/airflow/dags/sample_dag.py for tasks to queue
[2023-01-27 09:54:09,938] {logging_mixin.py:115} INFO - [2023-01-27 09:54:09,938] {dagbag.py:507} INFO - Filling up the DagBag from /opt/airflow/dags/sample_dag.py
[2023-01-27 09:54:10,391] {processor.py:651} INFO - DAG(s) dict_keys(['first_sample_dag']) retrieved from /opt/airflow/dags/sample_dag.py
[2023-01-27 09:54:10,794] {logging_mixin.py:115} INFO - [2023-01-27 09:54:10,794] {dag.py:2371} INFO - Sync 1 DAGs
[2023-01-27 09:54:11,058] {logging_mixin.py:115} INFO - [2023-01-27 09:54:11,058] {dag.py:2919} INFO - Setting next_dagrun for first_sample_dag to None, run_after=None
[2023-01-27 09:54:11,380] {processor.py:161} INFO - Processing /opt/airflow/dags/sample_dag.py took 1.449 seconds
[2023-01-27 09:54:46,553] {processor.py:153} INFO - Started process (PID=406) to work on /opt/airflow/dags/sample_dag.py
[2023-01-27 09:54:46,555] {processor.py:641} INFO - Processing file /opt/airflow/dags/sample_dag.py for tasks to queue
[2023-01-27 09:54:46,556] {logging_mixin.py:115} INFO - [2023-01-27 09:54:46,556] {dagbag.py:507} INFO - Filling up the DagBag from /opt/airflow/dags/sample_dag.py
[2023-01-27 09:54:52,871] {processor.py:651} INFO - DAG(s) dict_keys(['first_sample_dag']) retrieved from /opt/airflow/dags/sample_dag.py
[2023-01-27 09:55:00,428] {logging_mixin.py:115} INFO - [2023-01-27 09:55:00,428] {dag.py:2371} INFO - Sync 1 DAGs
[2023-01-27 09:55:01,603] {logging_mixin.py:115} INFO - [2023-01-27 09:55:01,603] {dag.py:2919} INFO - Setting next_dagrun for first_sample_dag to None, run_after=None
[2023-01-27 09:55:01,982] {processor.py:161} INFO - Processing /opt/airflow/dags/sample_dag.py took 20.065 seconds
[2023-01-27 09:55:52,339] {processor.py:153} INFO - Started process (PID=411) to work on /opt/airflow/dags/sample_dag.py
[2023-01-27 09:55:52,340] {processor.py:641} INFO - Processing file /opt/airflow/dags/sample_dag.py for tasks to queue
[2023-01-27 09:55:52,342] {logging_mixin.py:115} INFO - [2023-01-27 09:55:52,341] {dagbag.py:507} INFO - Filling up the DagBag from /opt/airflow/dags/sample_dag.py
[2023-01-27 09:55:53,199] {processor.py:651} INFO - DAG(s) dict_keys(['first_sample_dag']) retrieved from /opt/airflow/dags/sample_dag.py
[2023-01-27 09:55:58,812] {logging_mixin.py:115} INFO - [2023-01-27 09:55:58,812] {dag.py:2371} INFO - Sync 1 DAGs
[2023-01-27 09:56:21,631] {logging_mixin.py:115} INFO - [2023-01-27 09:56:21,631] {dag.py:2919} INFO - Setting next_dagrun for first_sample_dag to None, run_after=None
[2023-01-27 09:56:24,394] {processor.py:161} INFO - Processing /opt/airflow/dags/sample_dag.py took 47.538 seconds
[2023-01-27 09:56:59,193] {processor.py:153} INFO - Started process (PID=416) to work on /opt/airflow/dags/sample_dag.py
[2023-01-27 09:56:59,194] {processor.py:641} INFO - Processing file /opt/airflow/dags/sample_dag.py for tasks to queue
[2023-01-27 09:56:59,196] {logging_mixin.py:115} INFO - [2023-01-27 09:56:59,196] {dagbag.py:507} INFO - Filling up the DagBag from /opt/airflow/dags/sample_dag.py
[2023-01-27 09:56:59,769] {processor.py:651} INFO - DAG(s) dict_keys(['first_sample_dag']) retrieved from /opt/airflow/dags/sample_dag.py
[2023-01-27 09:57:03,001] {logging_mixin.py:115} INFO - [2023-01-27 09:57:03,001] {dag.py:2371} INFO - Sync 1 DAGs
[2023-01-27 09:57:03,877] {logging_mixin.py:115} INFO - [2023-01-27 09:57:03,877] {dag.py:2919} INFO - Setting next_dagrun for first_sample_dag to None, run_after=None
[2023-01-27 09:57:04,002] {processor.py:161} INFO - Processing /opt/airflow/dags/sample_dag.py took 5.234 seconds
[2023-01-27 09:57:45,642] {processor.py:153} INFO - Started process (PID=421) to work on /opt/airflow/dags/sample_dag.py
[2023-01-27 09:57:45,643] {processor.py:641} INFO - Processing file /opt/airflow/dags/sample_dag.py for tasks to queue
[2023-01-27 09:57:45,644] {logging_mixin.py:115} INFO - [2023-01-27 09:57:45,644] {dagbag.py:507} INFO - Filling up the DagBag from /opt/airflow/dags/sample_dag.py
[2023-01-27 09:57:49,923] {processor.py:651} INFO - DAG(s) dict_keys(['first_sample_dag']) retrieved from /opt/airflow/dags/sample_dag.py
[2023-01-27 09:57:52,565] {logging_mixin.py:115} INFO - [2023-01-27 09:57:52,564] {dag.py:2371} INFO - Sync 1 DAGs
[2023-01-27 09:57:52,600] {logging_mixin.py:115} INFO - [2023-01-27 09:57:52,599] {dag.py:2919} INFO - Setting next_dagrun for first_sample_dag to None, run_after=None
[2023-01-27 09:57:53,738] {processor.py:161} INFO - Processing /opt/airflow/dags/sample_dag.py took 8.280 seconds
[2023-01-27 09:58:24,690] {processor.py:153} INFO - Started process (PID=426) to work on /opt/airflow/dags/sample_dag.py
[2023-01-27 09:58:24,692] {processor.py:641} INFO - Processing file /opt/airflow/dags/sample_dag.py for tasks to queue
[2023-01-27 09:58:24,695] {logging_mixin.py:115} INFO - [2023-01-27 09:58:24,694] {dagbag.py:507} INFO - Filling up the DagBag from /opt/airflow/dags/sample_dag.py
[2023-01-27 09:58:25,118] {processor.py:651} INFO - DAG(s) dict_keys(['first_sample_dag']) retrieved from /opt/airflow/dags/sample_dag.py
[2023-01-27 09:58:35,759] {logging_mixin.py:115} INFO - [2023-01-27 09:58:35,758] {dag.py:2371} INFO - Sync 1 DAGs
[2023-01-27 09:58:42,454] {logging_mixin.py:115} INFO - [2023-01-27 09:58:42,453] {dag.py:2919} INFO - Setting next_dagrun for first_sample_dag to None, run_after=None
[2023-01-27 09:58:44,959] {processor.py:161} INFO - Processing /opt/airflow/dags/sample_dag.py took 20.273 seconds
[2023-01-27 09:59:17,856] {processor.py:153} INFO - Started process (PID=431) to work on /opt/airflow/dags/sample_dag.py
[2023-01-27 09:59:18,448] {processor.py:641} INFO - Processing file /opt/airflow/dags/sample_dag.py for tasks to queue
[2023-01-27 09:59:18,505] {logging_mixin.py:115} INFO - [2023-01-27 09:59:18,505] {dagbag.py:507} INFO - Filling up the DagBag from /opt/airflow/dags/sample_dag.py
[2023-01-27 09:59:18,881] {processor.py:651} INFO - DAG(s) dict_keys(['first_sample_dag']) retrieved from /opt/airflow/dags/sample_dag.py
[2023-01-27 09:59:24,162] {logging_mixin.py:115} INFO - [2023-01-27 09:59:24,162] {dag.py:2371} INFO - Sync 1 DAGs
[2023-01-27 09:59:24,356] {logging_mixin.py:115} INFO - [2023-01-27 09:59:24,355] {dag.py:2919} INFO - Setting next_dagrun for first_sample_dag to None, run_after=None
[2023-01-27 09:59:24,468] {processor.py:161} INFO - Processing /opt/airflow/dags/sample_dag.py took 7.345 seconds
[2023-01-27 09:59:55,024] {processor.py:153} INFO - Started process (PID=436) to work on /opt/airflow/dags/sample_dag.py
[2023-01-27 09:59:55,026] {processor.py:641} INFO - Processing file /opt/airflow/dags/sample_dag.py for tasks to queue
[2023-01-27 09:59:55,027] {logging_mixin.py:115} INFO - [2023-01-27 09:59:55,027] {dagbag.py:507} INFO - Filling up the DagBag from /opt/airflow/dags/sample_dag.py
[2023-01-27 09:59:57,622] {processor.py:651} INFO - DAG(s) dict_keys(['first_sample_dag']) retrieved from /opt/airflow/dags/sample_dag.py
[2023-01-27 10:00:08,064] {logging_mixin.py:115} INFO - [2023-01-27 10:00:08,064] {dag.py:2371} INFO - Sync 1 DAGs
[2023-01-27 10:00:08,099] {logging_mixin.py:115} INFO - [2023-01-27 10:00:08,099] {dag.py:2919} INFO - Setting next_dagrun for first_sample_dag to None, run_after=None
[2023-01-27 10:00:19,103] {processor.py:161} INFO - Processing /opt/airflow/dags/sample_dag.py took 24.078 seconds
[2023-01-27 10:01:05,120] {processor.py:153} INFO - Started process (PID=441) to work on /opt/airflow/dags/sample_dag.py
[2023-01-27 10:01:05,122] {processor.py:641} INFO - Processing file /opt/airflow/dags/sample_dag.py for tasks to queue
[2023-01-27 10:01:05,123] {logging_mixin.py:115} INFO - [2023-01-27 10:01:05,123] {dagbag.py:507} INFO - Filling up the DagBag from /opt/airflow/dags/sample_dag.py
[2023-01-27 10:01:11,455] {processor.py:651} INFO - DAG(s) dict_keys(['first_sample_dag']) retrieved from /opt/airflow/dags/sample_dag.py
[2023-01-27 10:01:17,026] {logging_mixin.py:115} INFO - [2023-01-27 10:01:17,026] {dag.py:2371} INFO - Sync 1 DAGs
[2023-01-27 10:01:17,210] {logging_mixin.py:115} INFO - [2023-01-27 10:01:17,209] {dag.py:2919} INFO - Setting next_dagrun for first_sample_dag to None, run_after=None
[2023-01-27 10:01:17,469] {processor.py:161} INFO - Processing /opt/airflow/dags/sample_dag.py took 21.355 seconds
[2023-01-27 10:01:48,812] {processor.py:153} INFO - Started process (PID=446) to work on /opt/airflow/dags/sample_dag.py
[2023-01-27 10:01:48,814] {processor.py:641} INFO - Processing file /opt/airflow/dags/sample_dag.py for tasks to queue
[2023-01-27 10:01:48,815] {logging_mixin.py:115} INFO - [2023-01-27 10:01:48,815] {dagbag.py:507} INFO - Filling up the DagBag from /opt/airflow/dags/sample_dag.py
[2023-01-27 10:01:49,573] {processor.py:651} INFO - DAG(s) dict_keys(['first_sample_dag']) retrieved from /opt/airflow/dags/sample_dag.py
[2023-01-27 10:02:08,904] {logging_mixin.py:115} INFO - [2023-01-27 10:02:08,904] {dag.py:2371} INFO - Sync 1 DAGs
[2023-01-27 10:02:09,010] {logging_mixin.py:115} INFO - [2023-01-27 10:02:09,010] {dag.py:2919} INFO - Setting next_dagrun for first_sample_dag to None, run_after=None
[2023-01-27 10:02:17,094] {processor.py:161} INFO - Processing /opt/airflow/dags/sample_dag.py took 28.517 seconds
[2023-01-27 10:02:49,056] {processor.py:153} INFO - Started process (PID=451) to work on /opt/airflow/dags/sample_dag.py
[2023-01-27 10:02:50,137] {processor.py:641} INFO - Processing file /opt/airflow/dags/sample_dag.py for tasks to queue
[2023-01-27 10:02:57,732] {logging_mixin.py:115} INFO - [2023-01-27 10:02:57,731] {dagbag.py:507} INFO - Filling up the DagBag from /opt/airflow/dags/sample_dag.py
[2023-01-27 10:03:11,762] {processor.py:651} INFO - DAG(s) dict_keys(['first_sample_dag']) retrieved from /opt/airflow/dags/sample_dag.py
[2023-01-27 10:03:22,451] {logging_mixin.py:115} INFO - [2023-01-27 10:03:22,451] {dag.py:2371} INFO - Sync 1 DAGs
[2023-01-27 10:03:22,737] {logging_mixin.py:115} INFO - [2023-01-27 10:03:22,737] {dag.py:2919} INFO - Setting next_dagrun for first_sample_dag to None, run_after=None
[2023-01-27 10:03:31,560] {processor.py:161} INFO - Processing /opt/airflow/dags/sample_dag.py took 42.413 seconds
[2023-01-27 10:04:02,383] {processor.py:153} INFO - Started process (PID=456) to work on /opt/airflow/dags/sample_dag.py
[2023-01-27 10:04:02,385] {processor.py:641} INFO - Processing file /opt/airflow/dags/sample_dag.py for tasks to queue
[2023-01-27 10:04:02,477] {logging_mixin.py:115} INFO - [2023-01-27 10:04:02,403] {dagbag.py:507} INFO - Filling up the DagBag from /opt/airflow/dags/sample_dag.py
[2023-01-27 10:04:02,949] {processor.py:651} INFO - DAG(s) dict_keys(['first_sample_dag']) retrieved from /opt/airflow/dags/sample_dag.py
[2023-01-27 10:04:03,813] {logging_mixin.py:115} INFO - [2023-01-27 10:04:03,813] {dag.py:2371} INFO - Sync 1 DAGs
[2023-01-27 10:04:03,860] {logging_mixin.py:115} INFO - [2023-01-27 10:04:03,860] {dag.py:2919} INFO - Setting next_dagrun for first_sample_dag to None, run_after=None
[2023-01-27 10:04:20,506] {processor.py:161} INFO - Processing /opt/airflow/dags/sample_dag.py took 18.167 seconds
[2023-01-27 10:04:57,844] {processor.py:153} INFO - Started process (PID=461) to work on /opt/airflow/dags/sample_dag.py
[2023-01-27 10:04:57,845] {processor.py:641} INFO - Processing file /opt/airflow/dags/sample_dag.py for tasks to queue
[2023-01-27 10:04:57,847] {logging_mixin.py:115} INFO - [2023-01-27 10:04:57,847] {dagbag.py:507} INFO - Filling up the DagBag from /opt/airflow/dags/sample_dag.py
[2023-01-27 10:04:57,984] {processor.py:651} INFO - DAG(s) dict_keys(['first_sample_dag']) retrieved from /opt/airflow/dags/sample_dag.py
[2023-01-27 10:04:58,307] {logging_mixin.py:115} INFO - [2023-01-27 10:04:58,307] {dag.py:2371} INFO - Sync 1 DAGs
[2023-01-27 10:04:58,343] {logging_mixin.py:115} INFO - [2023-01-27 10:04:58,343] {dag.py:2919} INFO - Setting next_dagrun for first_sample_dag to None, run_after=None
[2023-01-27 10:04:58,647] {processor.py:161} INFO - Processing /opt/airflow/dags/sample_dag.py took 0.809 seconds
[2023-01-27 10:05:29,393] {processor.py:153} INFO - Started process (PID=466) to work on /opt/airflow/dags/sample_dag.py
[2023-01-27 10:05:29,961] {processor.py:641} INFO - Processing file /opt/airflow/dags/sample_dag.py for tasks to queue
[2023-01-27 10:05:32,106] {logging_mixin.py:115} INFO - [2023-01-27 10:05:32,106] {dagbag.py:507} INFO - Filling up the DagBag from /opt/airflow/dags/sample_dag.py
[2023-01-27 10:05:32,161] {processor.py:651} INFO - DAG(s) dict_keys(['first_sample_dag']) retrieved from /opt/airflow/dags/sample_dag.py
[2023-01-27 10:05:34,540] {logging_mixin.py:115} INFO - [2023-01-27 10:05:34,540] {dag.py:2371} INFO - Sync 1 DAGs
[2023-01-27 10:05:34,766] {logging_mixin.py:115} INFO - [2023-01-27 10:05:34,766] {dag.py:2919} INFO - Setting next_dagrun for first_sample_dag to None, run_after=None
[2023-01-27 10:05:37,225] {processor.py:161} INFO - Processing /opt/airflow/dags/sample_dag.py took 7.836 seconds
[2023-01-27 10:06:15,759] {processor.py:153} INFO - Started process (PID=471) to work on /opt/airflow/dags/sample_dag.py
[2023-01-27 10:06:15,760] {processor.py:641} INFO - Processing file /opt/airflow/dags/sample_dag.py for tasks to queue
[2023-01-27 10:06:15,763] {logging_mixin.py:115} INFO - [2023-01-27 10:06:15,763] {dagbag.py:507} INFO - Filling up the DagBag from /opt/airflow/dags/sample_dag.py
[2023-01-27 10:06:15,797] {processor.py:651} INFO - DAG(s) dict_keys(['first_sample_dag']) retrieved from /opt/airflow/dags/sample_dag.py
[2023-01-27 10:06:16,115] {logging_mixin.py:115} INFO - [2023-01-27 10:06:16,114] {dag.py:2371} INFO - Sync 1 DAGs
[2023-01-27 10:06:19,041] {logging_mixin.py:115} INFO - [2023-01-27 10:06:19,041] {dag.py:2919} INFO - Setting next_dagrun for first_sample_dag to None, run_after=None
[2023-01-27 10:06:19,971] {processor.py:161} INFO - Processing /opt/airflow/dags/sample_dag.py took 4.217 seconds
[2023-01-27 10:06:51,294] {processor.py:153} INFO - Started process (PID=476) to work on /opt/airflow/dags/sample_dag.py
[2023-01-27 10:06:51,296] {processor.py:641} INFO - Processing file /opt/airflow/dags/sample_dag.py for tasks to queue
[2023-01-27 10:06:51,446] {logging_mixin.py:115} INFO - [2023-01-27 10:06:51,446] {dagbag.py:507} INFO - Filling up the DagBag from /opt/airflow/dags/sample_dag.py
[2023-01-27 10:06:59,614] {processor.py:651} INFO - DAG(s) dict_keys(['first_sample_dag']) retrieved from /opt/airflow/dags/sample_dag.py
[2023-01-27 10:07:00,491] {logging_mixin.py:115} INFO - [2023-01-27 10:07:00,491] {dag.py:2371} INFO - Sync 1 DAGs
[2023-01-27 10:07:00,530] {logging_mixin.py:115} INFO - [2023-01-27 10:07:00,530] {dag.py:2919} INFO - Setting next_dagrun for first_sample_dag to None, run_after=None
[2023-01-27 10:07:00,720] {processor.py:161} INFO - Processing /opt/airflow/dags/sample_dag.py took 9.433 seconds
[2023-01-27 10:07:31,559] {processor.py:153} INFO - Started process (PID=481) to work on /opt/airflow/dags/sample_dag.py
[2023-01-27 10:07:31,560] {processor.py:641} INFO - Processing file /opt/airflow/dags/sample_dag.py for tasks to queue
[2023-01-27 10:07:31,562] {logging_mixin.py:115} INFO - [2023-01-27 10:07:31,562] {dagbag.py:507} INFO - Filling up the DagBag from /opt/airflow/dags/sample_dag.py
[2023-01-27 10:07:31,606] {processor.py:651} INFO - DAG(s) dict_keys(['first_sample_dag']) retrieved from /opt/airflow/dags/sample_dag.py
[2023-01-27 10:07:32,013] {logging_mixin.py:115} INFO - [2023-01-27 10:07:32,013] {dag.py:2371} INFO - Sync 1 DAGs
[2023-01-27 10:07:32,109] {logging_mixin.py:115} INFO - [2023-01-27 10:07:32,109] {dag.py:2919} INFO - Setting next_dagrun for first_sample_dag to None, run_after=None
[2023-01-27 10:07:38,955] {processor.py:161} INFO - Processing /opt/airflow/dags/sample_dag.py took 7.569 seconds
[2023-01-27 10:08:15,714] {processor.py:153} INFO - Started process (PID=486) to work on /opt/airflow/dags/sample_dag.py
[2023-01-27 10:08:15,715] {processor.py:641} INFO - Processing file /opt/airflow/dags/sample_dag.py for tasks to queue
[2023-01-27 10:08:15,717] {logging_mixin.py:115} INFO - [2023-01-27 10:08:15,716] {dagbag.py:507} INFO - Filling up the DagBag from /opt/airflow/dags/sample_dag.py
[2023-01-27 10:08:15,787] {processor.py:651} INFO - DAG(s) dict_keys(['first_sample_dag']) retrieved from /opt/airflow/dags/sample_dag.py
[2023-01-27 10:08:15,828] {logging_mixin.py:115} INFO - [2023-01-27 10:08:15,828] {dag.py:2371} INFO - Sync 1 DAGs
[2023-01-27 10:08:18,746] {logging_mixin.py:115} INFO - [2023-01-27 10:08:18,745] {dag.py:2919} INFO - Setting next_dagrun for first_sample_dag to None, run_after=None
[2023-01-27 10:08:24,267] {processor.py:161} INFO - Processing /opt/airflow/dags/sample_dag.py took 8.557 seconds
[2023-01-27 10:08:54,439] {processor.py:153} INFO - Started process (PID=491) to work on /opt/airflow/dags/sample_dag.py
[2023-01-27 10:08:54,441] {processor.py:641} INFO - Processing file /opt/airflow/dags/sample_dag.py for tasks to queue
[2023-01-27 10:08:54,444] {logging_mixin.py:115} INFO - [2023-01-27 10:08:54,444] {dagbag.py:507} INFO - Filling up the DagBag from /opt/airflow/dags/sample_dag.py
[2023-01-27 10:08:54,496] {processor.py:651} INFO - DAG(s) dict_keys(['first_sample_dag']) retrieved from /opt/airflow/dags/sample_dag.py
[2023-01-27 10:08:54,550] {logging_mixin.py:115} INFO - [2023-01-27 10:08:54,550] {dag.py:2371} INFO - Sync 1 DAGs
[2023-01-27 10:08:54,613] {logging_mixin.py:115} INFO - [2023-01-27 10:08:54,613] {dag.py:2919} INFO - Setting next_dagrun for first_sample_dag to None, run_after=None
[2023-01-27 10:08:58,046] {processor.py:161} INFO - Processing /opt/airflow/dags/sample_dag.py took 3.619 seconds
[2023-01-27 10:09:29,053] {processor.py:153} INFO - Started process (PID=496) to work on /opt/airflow/dags/sample_dag.py
[2023-01-27 10:09:29,054] {processor.py:641} INFO - Processing file /opt/airflow/dags/sample_dag.py for tasks to queue
[2023-01-27 10:09:29,056] {logging_mixin.py:115} INFO - [2023-01-27 10:09:29,055] {dagbag.py:507} INFO - Filling up the DagBag from /opt/airflow/dags/sample_dag.py
[2023-01-27 10:09:29,095] {processor.py:651} INFO - DAG(s) dict_keys(['first_sample_dag']) retrieved from /opt/airflow/dags/sample_dag.py
[2023-01-27 10:09:29,212] {logging_mixin.py:115} INFO - [2023-01-27 10:09:29,212] {dag.py:2371} INFO - Sync 1 DAGs
[2023-01-27 10:09:29,245] {logging_mixin.py:115} INFO - [2023-01-27 10:09:29,245] {dag.py:2919} INFO - Setting next_dagrun for first_sample_dag to None, run_after=None
[2023-01-27 10:09:29,657] {processor.py:161} INFO - Processing /opt/airflow/dags/sample_dag.py took 0.607 seconds
[2023-01-27 10:09:59,910] {processor.py:153} INFO - Started process (PID=501) to work on /opt/airflow/dags/sample_dag.py
[2023-01-27 10:09:59,912] {processor.py:641} INFO - Processing file /opt/airflow/dags/sample_dag.py for tasks to queue
[2023-01-27 10:09:59,913] {logging_mixin.py:115} INFO - [2023-01-27 10:09:59,913] {dagbag.py:507} INFO - Filling up the DagBag from /opt/airflow/dags/sample_dag.py
[2023-01-27 10:09:59,950] {processor.py:651} INFO - DAG(s) dict_keys(['first_sample_dag']) retrieved from /opt/airflow/dags/sample_dag.py
[2023-01-27 10:10:00,047] {logging_mixin.py:115} INFO - [2023-01-27 10:10:00,047] {dag.py:2371} INFO - Sync 1 DAGs
[2023-01-27 10:10:00,085] {logging_mixin.py:115} INFO - [2023-01-27 10:10:00,085] {dag.py:2919} INFO - Setting next_dagrun for first_sample_dag to None, run_after=None
[2023-01-27 10:10:00,167] {processor.py:161} INFO - Processing /opt/airflow/dags/sample_dag.py took 0.260 seconds
[2023-01-27 10:10:31,213] {processor.py:153} INFO - Started process (PID=506) to work on /opt/airflow/dags/sample_dag.py
[2023-01-27 10:10:31,216] {processor.py:641} INFO - Processing file /opt/airflow/dags/sample_dag.py for tasks to queue
[2023-01-27 10:10:31,219] {logging_mixin.py:115} INFO - [2023-01-27 10:10:31,219] {dagbag.py:507} INFO - Filling up the DagBag from /opt/airflow/dags/sample_dag.py
[2023-01-27 10:10:31,267] {processor.py:651} INFO - DAG(s) dict_keys(['first_sample_dag']) retrieved from /opt/airflow/dags/sample_dag.py
[2023-01-27 10:10:31,307] {logging_mixin.py:115} INFO - [2023-01-27 10:10:31,307] {dag.py:2371} INFO - Sync 1 DAGs
[2023-01-27 10:10:31,336] {logging_mixin.py:115} INFO - [2023-01-27 10:10:31,336] {dag.py:2919} INFO - Setting next_dagrun for first_sample_dag to None, run_after=None
[2023-01-27 10:10:31,560] {processor.py:161} INFO - Processing /opt/airflow/dags/sample_dag.py took 0.357 seconds
[2023-01-27 10:11:02,530] {processor.py:153} INFO - Started process (PID=511) to work on /opt/airflow/dags/sample_dag.py
[2023-01-27 10:11:02,531] {processor.py:641} INFO - Processing file /opt/airflow/dags/sample_dag.py for tasks to queue
[2023-01-27 10:11:02,532] {logging_mixin.py:115} INFO - [2023-01-27 10:11:02,532] {dagbag.py:507} INFO - Filling up the DagBag from /opt/airflow/dags/sample_dag.py
[2023-01-27 10:11:02,567] {processor.py:651} INFO - DAG(s) dict_keys(['first_sample_dag']) retrieved from /opt/airflow/dags/sample_dag.py
[2023-01-27 10:11:02,607] {logging_mixin.py:115} INFO - [2023-01-27 10:11:02,607] {dag.py:2371} INFO - Sync 1 DAGs
[2023-01-27 10:11:02,637] {logging_mixin.py:115} INFO - [2023-01-27 10:11:02,637] {dag.py:2919} INFO - Setting next_dagrun for first_sample_dag to None, run_after=None
[2023-01-27 10:11:09,274] {processor.py:161} INFO - Processing /opt/airflow/dags/sample_dag.py took 6.752 seconds
[2023-01-27 10:11:39,660] {processor.py:153} INFO - Started process (PID=516) to work on /opt/airflow/dags/sample_dag.py
[2023-01-27 10:11:39,662] {processor.py:641} INFO - Processing file /opt/airflow/dags/sample_dag.py for tasks to queue
[2023-01-27 10:11:39,664] {logging_mixin.py:115} INFO - [2023-01-27 10:11:39,663] {dagbag.py:507} INFO - Filling up the DagBag from /opt/airflow/dags/sample_dag.py
[2023-01-27 10:11:39,704] {processor.py:651} INFO - DAG(s) dict_keys(['first_sample_dag']) retrieved from /opt/airflow/dags/sample_dag.py
[2023-01-27 10:11:42,922] {logging_mixin.py:115} INFO - [2023-01-27 10:11:42,922] {dag.py:2371} INFO - Sync 1 DAGs
[2023-01-27 10:11:42,955] {logging_mixin.py:115} INFO - [2023-01-27 10:11:42,955] {dag.py:2919} INFO - Setting next_dagrun for first_sample_dag to None, run_after=None
[2023-01-27 10:11:45,294] {processor.py:161} INFO - Processing /opt/airflow/dags/sample_dag.py took 5.638 seconds
[2023-01-27 10:12:18,973] {processor.py:153} INFO - Started process (PID=521) to work on /opt/airflow/dags/sample_dag.py
[2023-01-27 10:12:18,975] {processor.py:641} INFO - Processing file /opt/airflow/dags/sample_dag.py for tasks to queue
[2023-01-27 10:12:18,978] {logging_mixin.py:115} INFO - [2023-01-27 10:12:18,977] {dagbag.py:507} INFO - Filling up the DagBag from /opt/airflow/dags/sample_dag.py
[2023-01-27 10:12:19,021] {processor.py:651} INFO - DAG(s) dict_keys(['first_sample_dag']) retrieved from /opt/airflow/dags/sample_dag.py
[2023-01-27 10:12:19,063] {logging_mixin.py:115} INFO - [2023-01-27 10:12:19,062] {dag.py:2371} INFO - Sync 1 DAGs
[2023-01-27 10:12:19,097] {logging_mixin.py:115} INFO - [2023-01-27 10:12:19,097] {dag.py:2919} INFO - Setting next_dagrun for first_sample_dag to None, run_after=None
[2023-01-27 10:12:19,688] {processor.py:161} INFO - Processing /opt/airflow/dags/sample_dag.py took 0.720 seconds
[2023-01-27 10:12:54,583] {processor.py:153} INFO - Started process (PID=526) to work on /opt/airflow/dags/sample_dag.py
[2023-01-27 10:12:54,585] {processor.py:641} INFO - Processing file /opt/airflow/dags/sample_dag.py for tasks to queue
[2023-01-27 10:12:54,587] {logging_mixin.py:115} INFO - [2023-01-27 10:12:54,587] {dagbag.py:507} INFO - Filling up the DagBag from /opt/airflow/dags/sample_dag.py
[2023-01-27 10:12:54,631] {processor.py:651} INFO - DAG(s) dict_keys(['first_sample_dag']) retrieved from /opt/airflow/dags/sample_dag.py
[2023-01-27 10:12:57,477] {logging_mixin.py:115} INFO - [2023-01-27 10:12:57,477] {dag.py:2371} INFO - Sync 1 DAGs
[2023-01-27 10:12:57,508] {logging_mixin.py:115} INFO - [2023-01-27 10:12:57,508] {dag.py:2919} INFO - Setting next_dagrun for first_sample_dag to None, run_after=None
[2023-01-27 10:13:04,580] {processor.py:161} INFO - Processing /opt/airflow/dags/sample_dag.py took 10.001 seconds
[2023-01-27 10:13:36,301] {processor.py:153} INFO - Started process (PID=531) to work on /opt/airflow/dags/sample_dag.py
[2023-01-27 10:13:36,303] {processor.py:641} INFO - Processing file /opt/airflow/dags/sample_dag.py for tasks to queue
[2023-01-27 10:13:36,304] {logging_mixin.py:115} INFO - [2023-01-27 10:13:36,304] {dagbag.py:507} INFO - Filling up the DagBag from /opt/airflow/dags/sample_dag.py
[2023-01-27 10:13:36,339] {processor.py:651} INFO - DAG(s) dict_keys(['first_sample_dag']) retrieved from /opt/airflow/dags/sample_dag.py
[2023-01-27 10:13:36,382] {logging_mixin.py:115} INFO - [2023-01-27 10:13:36,382] {dag.py:2371} INFO - Sync 1 DAGs
[2023-01-27 10:13:36,463] {logging_mixin.py:115} INFO - [2023-01-27 10:13:36,463] {dag.py:2919} INFO - Setting next_dagrun for first_sample_dag to None, run_after=None
[2023-01-27 10:13:37,694] {processor.py:161} INFO - Processing /opt/airflow/dags/sample_dag.py took 1.402 seconds
[2023-01-27 10:14:14,250] {processor.py:153} INFO - Started process (PID=536) to work on /opt/airflow/dags/sample_dag.py
[2023-01-27 10:14:14,252] {processor.py:641} INFO - Processing file /opt/airflow/dags/sample_dag.py for tasks to queue
[2023-01-27 10:14:14,254] {logging_mixin.py:115} INFO - [2023-01-27 10:14:14,254] {dagbag.py:507} INFO - Filling up the DagBag from /opt/airflow/dags/sample_dag.py
[2023-01-27 10:14:14,301] {processor.py:651} INFO - DAG(s) dict_keys(['first_sample_dag']) retrieved from /opt/airflow/dags/sample_dag.py
[2023-01-27 10:14:18,421] {logging_mixin.py:115} INFO - [2023-01-27 10:14:18,421] {dag.py:2371} INFO - Sync 1 DAGs
[2023-01-27 10:14:18,458] {logging_mixin.py:115} INFO - [2023-01-27 10:14:18,457] {dag.py:2919} INFO - Setting next_dagrun for first_sample_dag to None, run_after=None
[2023-01-27 10:14:22,763] {processor.py:161} INFO - Processing /opt/airflow/dags/sample_dag.py took 8.519 seconds
[2023-01-27 10:14:56,621] {processor.py:153} INFO - Started process (PID=541) to work on /opt/airflow/dags/sample_dag.py
[2023-01-27 10:14:56,623] {processor.py:641} INFO - Processing file /opt/airflow/dags/sample_dag.py for tasks to queue
[2023-01-27 10:14:56,625] {logging_mixin.py:115} INFO - [2023-01-27 10:14:56,625] {dagbag.py:507} INFO - Filling up the DagBag from /opt/airflow/dags/sample_dag.py
[2023-01-27 10:14:56,676] {processor.py:651} INFO - DAG(s) dict_keys(['first_sample_dag']) retrieved from /opt/airflow/dags/sample_dag.py
[2023-01-27 10:14:56,722] {logging_mixin.py:115} INFO - [2023-01-27 10:14:56,722] {dag.py:2371} INFO - Sync 1 DAGs
[2023-01-27 10:14:56,756] {logging_mixin.py:115} INFO - [2023-01-27 10:14:56,756] {dag.py:2919} INFO - Setting next_dagrun for first_sample_dag to None, run_after=None
[2023-01-27 10:14:56,937] {processor.py:161} INFO - Processing /opt/airflow/dags/sample_dag.py took 0.320 seconds
[2023-01-27 10:15:29,896] {processor.py:153} INFO - Started process (PID=546) to work on /opt/airflow/dags/sample_dag.py
[2023-01-27 10:15:29,897] {processor.py:641} INFO - Processing file /opt/airflow/dags/sample_dag.py for tasks to queue
[2023-01-27 10:15:29,899] {logging_mixin.py:115} INFO - [2023-01-27 10:15:29,899] {dagbag.py:507} INFO - Filling up the DagBag from /opt/airflow/dags/sample_dag.py
[2023-01-27 10:15:29,938] {processor.py:651} INFO - DAG(s) dict_keys(['first_sample_dag']) retrieved from /opt/airflow/dags/sample_dag.py
[2023-01-27 10:15:29,982] {logging_mixin.py:115} INFO - [2023-01-27 10:15:29,982] {dag.py:2371} INFO - Sync 1 DAGs
[2023-01-27 10:15:30,363] {logging_mixin.py:115} INFO - [2023-01-27 10:15:30,363] {dag.py:2919} INFO - Setting next_dagrun for first_sample_dag to None, run_after=None
[2023-01-27 10:15:31,075] {processor.py:161} INFO - Processing /opt/airflow/dags/sample_dag.py took 1.182 seconds
[2023-01-27 10:16:02,112] {processor.py:153} INFO - Started process (PID=551) to work on /opt/airflow/dags/sample_dag.py
[2023-01-27 10:16:02,115] {processor.py:641} INFO - Processing file /opt/airflow/dags/sample_dag.py for tasks to queue
[2023-01-27 10:16:02,117] {logging_mixin.py:115} INFO - [2023-01-27 10:16:02,116] {dagbag.py:507} INFO - Filling up the DagBag from /opt/airflow/dags/sample_dag.py
[2023-01-27 10:16:02,165] {processor.py:651} INFO - DAG(s) dict_keys(['first_sample_dag']) retrieved from /opt/airflow/dags/sample_dag.py
[2023-01-27 10:16:02,213] {logging_mixin.py:115} INFO - [2023-01-27 10:16:02,213] {dag.py:2371} INFO - Sync 1 DAGs
[2023-01-27 10:16:02,243] {logging_mixin.py:115} INFO - [2023-01-27 10:16:02,243] {dag.py:2919} INFO - Setting next_dagrun for first_sample_dag to None, run_after=None
[2023-01-27 10:16:02,360] {processor.py:161} INFO - Processing /opt/airflow/dags/sample_dag.py took 0.264 seconds
[2023-01-27 10:17:29,470] {processor.py:153} INFO - Started process (PID=556) to work on /opt/airflow/dags/sample_dag.py
[2023-01-27 10:17:29,472] {processor.py:641} INFO - Processing file /opt/airflow/dags/sample_dag.py for tasks to queue
[2023-01-27 10:17:29,473] {logging_mixin.py:115} INFO - [2023-01-27 10:17:29,473] {dagbag.py:507} INFO - Filling up the DagBag from /opt/airflow/dags/sample_dag.py
[2023-01-27 10:17:29,523] {processor.py:651} INFO - DAG(s) dict_keys(['first_sample_dag']) retrieved from /opt/airflow/dags/sample_dag.py
[2023-01-27 10:17:29,567] {logging_mixin.py:115} INFO - [2023-01-27 10:17:29,567] {dag.py:2371} INFO - Sync 1 DAGs
[2023-01-27 10:17:29,601] {logging_mixin.py:115} INFO - [2023-01-27 10:17:29,601] {dag.py:2919} INFO - Setting next_dagrun for first_sample_dag to None, run_after=None
[2023-01-27 10:17:41,767] {processor.py:161} INFO - Processing /opt/airflow/dags/sample_dag.py took 12.299 seconds
[2023-01-27 10:18:18,191] {processor.py:153} INFO - Started process (PID=561) to work on /opt/airflow/dags/sample_dag.py
[2023-01-27 10:18:18,192] {processor.py:641} INFO - Processing file /opt/airflow/dags/sample_dag.py for tasks to queue
[2023-01-27 10:18:18,194] {logging_mixin.py:115} INFO - [2023-01-27 10:18:18,194] {dagbag.py:507} INFO - Filling up the DagBag from /opt/airflow/dags/sample_dag.py
[2023-01-27 10:18:26,182] {processor.py:651} INFO - DAG(s) dict_keys(['first_sample_dag']) retrieved from /opt/airflow/dags/sample_dag.py
[2023-01-27 10:18:26,224] {logging_mixin.py:115} INFO - [2023-01-27 10:18:26,224] {dag.py:2371} INFO - Sync 1 DAGs
[2023-01-27 10:18:26,257] {logging_mixin.py:115} INFO - [2023-01-27 10:18:26,257] {dag.py:2919} INFO - Setting next_dagrun for first_sample_dag to None, run_after=None
[2023-01-27 10:18:33,111] {processor.py:161} INFO - Processing /opt/airflow/dags/sample_dag.py took 14.925 seconds
[2023-01-27 10:19:03,509] {processor.py:153} INFO - Started process (PID=566) to work on /opt/airflow/dags/sample_dag.py
[2023-01-27 10:19:03,511] {processor.py:641} INFO - Processing file /opt/airflow/dags/sample_dag.py for tasks to queue
[2023-01-27 10:19:03,512] {logging_mixin.py:115} INFO - [2023-01-27 10:19:03,512] {dagbag.py:507} INFO - Filling up the DagBag from /opt/airflow/dags/sample_dag.py
[2023-01-27 10:19:03,605] {processor.py:651} INFO - DAG(s) dict_keys(['first_sample_dag']) retrieved from /opt/airflow/dags/sample_dag.py
[2023-01-27 10:19:03,714] {logging_mixin.py:115} INFO - [2023-01-27 10:19:03,713] {dag.py:2371} INFO - Sync 1 DAGs
[2023-01-27 10:19:03,748] {logging_mixin.py:115} INFO - [2023-01-27 10:19:03,747] {dag.py:2919} INFO - Setting next_dagrun for first_sample_dag to None, run_after=None
[2023-01-27 10:19:04,415] {processor.py:161} INFO - Processing /opt/airflow/dags/sample_dag.py took 0.910 seconds
[2023-01-27 10:19:41,040] {processor.py:153} INFO - Started process (PID=571) to work on /opt/airflow/dags/sample_dag.py
[2023-01-27 10:19:41,042] {processor.py:641} INFO - Processing file /opt/airflow/dags/sample_dag.py for tasks to queue
[2023-01-27 10:19:41,043] {logging_mixin.py:115} INFO - [2023-01-27 10:19:41,043] {dagbag.py:507} INFO - Filling up the DagBag from /opt/airflow/dags/sample_dag.py
[2023-01-27 10:19:42,664] {processor.py:651} INFO - DAG(s) dict_keys(['first_sample_dag']) retrieved from /opt/airflow/dags/sample_dag.py
[2023-01-27 10:19:42,705] {logging_mixin.py:115} INFO - [2023-01-27 10:19:42,705] {dag.py:2371} INFO - Sync 1 DAGs
[2023-01-27 10:19:42,754] {logging_mixin.py:115} INFO - [2023-01-27 10:19:42,754] {dag.py:2919} INFO - Setting next_dagrun for first_sample_dag to None, run_after=None
[2023-01-27 10:19:43,839] {processor.py:161} INFO - Processing /opt/airflow/dags/sample_dag.py took 2.803 seconds
[2023-01-27 10:20:14,166] {processor.py:153} INFO - Started process (PID=576) to work on /opt/airflow/dags/sample_dag.py
[2023-01-27 10:20:14,168] {processor.py:641} INFO - Processing file /opt/airflow/dags/sample_dag.py for tasks to queue
[2023-01-27 10:20:14,169] {logging_mixin.py:115} INFO - [2023-01-27 10:20:14,169] {dagbag.py:507} INFO - Filling up the DagBag from /opt/airflow/dags/sample_dag.py
[2023-01-27 10:20:14,224] {processor.py:651} INFO - DAG(s) dict_keys(['first_sample_dag']) retrieved from /opt/airflow/dags/sample_dag.py
[2023-01-27 10:20:14,345] {logging_mixin.py:115} INFO - [2023-01-27 10:20:14,345] {dag.py:2371} INFO - Sync 1 DAGs
[2023-01-27 10:20:14,508] {logging_mixin.py:115} INFO - [2023-01-27 10:20:14,508] {dag.py:2919} INFO - Setting next_dagrun for first_sample_dag to None, run_after=None
[2023-01-27 10:20:16,380] {processor.py:161} INFO - Processing /opt/airflow/dags/sample_dag.py took 2.218 seconds
[2023-01-27 10:20:46,499] {processor.py:153} INFO - Started process (PID=581) to work on /opt/airflow/dags/sample_dag.py
[2023-01-27 10:20:46,500] {processor.py:641} INFO - Processing file /opt/airflow/dags/sample_dag.py for tasks to queue
[2023-01-27 10:20:46,502] {logging_mixin.py:115} INFO - [2023-01-27 10:20:46,502] {dagbag.py:507} INFO - Filling up the DagBag from /opt/airflow/dags/sample_dag.py
[2023-01-27 10:20:46,544] {processor.py:651} INFO - DAG(s) dict_keys(['first_sample_dag']) retrieved from /opt/airflow/dags/sample_dag.py
[2023-01-27 10:20:46,585] {logging_mixin.py:115} INFO - [2023-01-27 10:20:46,585] {dag.py:2371} INFO - Sync 1 DAGs
[2023-01-27 10:20:46,624] {logging_mixin.py:115} INFO - [2023-01-27 10:20:46,624] {dag.py:2919} INFO - Setting next_dagrun for first_sample_dag to None, run_after=None
[2023-01-27 10:20:46,721] {processor.py:161} INFO - Processing /opt/airflow/dags/sample_dag.py took 0.226 seconds
[2023-01-27 10:21:18,414] {processor.py:153} INFO - Started process (PID=586) to work on /opt/airflow/dags/sample_dag.py
[2023-01-27 10:21:19,925] {processor.py:641} INFO - Processing file /opt/airflow/dags/sample_dag.py for tasks to queue
[2023-01-27 10:21:19,927] {logging_mixin.py:115} INFO - [2023-01-27 10:21:19,927] {dagbag.py:507} INFO - Filling up the DagBag from /opt/airflow/dags/sample_dag.py
[2023-01-27 10:21:19,977] {processor.py:651} INFO - DAG(s) dict_keys(['first_sample_dag']) retrieved from /opt/airflow/dags/sample_dag.py
[2023-01-27 10:21:20,016] {logging_mixin.py:115} INFO - [2023-01-27 10:21:20,016] {dag.py:2371} INFO - Sync 1 DAGs
[2023-01-27 10:21:20,052] {logging_mixin.py:115} INFO - [2023-01-27 10:21:20,051] {dag.py:2919} INFO - Setting next_dagrun for first_sample_dag to None, run_after=None
[2023-01-27 10:21:22,372] {processor.py:161} INFO - Processing /opt/airflow/dags/sample_dag.py took 3.964 seconds
[2023-01-27 10:21:53,251] {processor.py:153} INFO - Started process (PID=591) to work on /opt/airflow/dags/sample_dag.py
[2023-01-27 10:21:53,252] {processor.py:641} INFO - Processing file /opt/airflow/dags/sample_dag.py for tasks to queue
[2023-01-27 10:21:53,254] {logging_mixin.py:115} INFO - [2023-01-27 10:21:53,254] {dagbag.py:507} INFO - Filling up the DagBag from /opt/airflow/dags/sample_dag.py
[2023-01-27 10:21:53,309] {processor.py:651} INFO - DAG(s) dict_keys(['first_sample_dag']) retrieved from /opt/airflow/dags/sample_dag.py
[2023-01-27 10:21:53,418] {logging_mixin.py:115} INFO - [2023-01-27 10:21:53,418] {dag.py:2371} INFO - Sync 1 DAGs
[2023-01-27 10:21:53,456] {logging_mixin.py:115} INFO - [2023-01-27 10:21:53,456] {dag.py:2919} INFO - Setting next_dagrun for first_sample_dag to None, run_after=None
[2023-01-27 10:21:53,564] {processor.py:161} INFO - Processing /opt/airflow/dags/sample_dag.py took 0.319 seconds
[2023-01-27 10:22:24,144] {processor.py:153} INFO - Started process (PID=596) to work on /opt/airflow/dags/sample_dag.py
[2023-01-27 10:22:24,145] {processor.py:641} INFO - Processing file /opt/airflow/dags/sample_dag.py for tasks to queue
[2023-01-27 10:22:24,147] {logging_mixin.py:115} INFO - [2023-01-27 10:22:24,146] {dagbag.py:507} INFO - Filling up the DagBag from /opt/airflow/dags/sample_dag.py
[2023-01-27 10:22:24,190] {processor.py:651} INFO - DAG(s) dict_keys(['first_sample_dag']) retrieved from /opt/airflow/dags/sample_dag.py
[2023-01-27 10:22:24,231] {logging_mixin.py:115} INFO - [2023-01-27 10:22:24,231] {dag.py:2371} INFO - Sync 1 DAGs
[2023-01-27 10:22:24,260] {logging_mixin.py:115} INFO - [2023-01-27 10:22:24,260] {dag.py:2919} INFO - Setting next_dagrun for first_sample_dag to None, run_after=None
[2023-01-27 10:22:32,157] {processor.py:161} INFO - Processing /opt/airflow/dags/sample_dag.py took 8.017 seconds
[2023-01-27 10:23:03,904] {processor.py:153} INFO - Started process (PID=601) to work on /opt/airflow/dags/sample_dag.py
[2023-01-27 10:23:03,906] {processor.py:641} INFO - Processing file /opt/airflow/dags/sample_dag.py for tasks to queue
[2023-01-27 10:23:03,907] {logging_mixin.py:115} INFO - [2023-01-27 10:23:03,907] {dagbag.py:507} INFO - Filling up the DagBag from /opt/airflow/dags/sample_dag.py
[2023-01-27 10:23:03,954] {processor.py:651} INFO - DAG(s) dict_keys(['first_sample_dag']) retrieved from /opt/airflow/dags/sample_dag.py
[2023-01-27 10:23:03,987] {logging_mixin.py:115} INFO - [2023-01-27 10:23:03,987] {dag.py:2371} INFO - Sync 1 DAGs
[2023-01-27 10:23:05,793] {logging_mixin.py:115} INFO - [2023-01-27 10:23:05,793] {dag.py:2919} INFO - Setting next_dagrun for first_sample_dag to None, run_after=None
[2023-01-27 10:23:07,498] {processor.py:161} INFO - Processing /opt/airflow/dags/sample_dag.py took 3.598 seconds
[2023-01-27 10:23:37,579] {processor.py:153} INFO - Started process (PID=606) to work on /opt/airflow/dags/sample_dag.py
[2023-01-27 10:23:37,581] {processor.py:641} INFO - Processing file /opt/airflow/dags/sample_dag.py for tasks to queue
[2023-01-27 10:23:37,582] {logging_mixin.py:115} INFO - [2023-01-27 10:23:37,582] {dagbag.py:507} INFO - Filling up the DagBag from /opt/airflow/dags/sample_dag.py
[2023-01-27 10:23:37,633] {processor.py:651} INFO - DAG(s) dict_keys(['first_sample_dag']) retrieved from /opt/airflow/dags/sample_dag.py
[2023-01-27 10:23:45,896] {logging_mixin.py:115} INFO - [2023-01-27 10:23:45,896] {dag.py:2371} INFO - Sync 1 DAGs
[2023-01-27 10:23:45,935] {logging_mixin.py:115} INFO - [2023-01-27 10:23:45,935] {dag.py:2919} INFO - Setting next_dagrun for first_sample_dag to None, run_after=None
[2023-01-27 10:23:49,730] {processor.py:161} INFO - Processing /opt/airflow/dags/sample_dag.py took 12.155 seconds
[2023-01-27 10:24:22,989] {processor.py:153} INFO - Started process (PID=611) to work on /opt/airflow/dags/sample_dag.py
[2023-01-27 10:24:23,155] {processor.py:641} INFO - Processing file /opt/airflow/dags/sample_dag.py for tasks to queue
[2023-01-27 10:24:23,311] {logging_mixin.py:115} INFO - [2023-01-27 10:24:23,311] {dagbag.py:507} INFO - Filling up the DagBag from /opt/airflow/dags/sample_dag.py
[2023-01-27 10:24:26,243] {processor.py:651} INFO - DAG(s) dict_keys(['first_sample_dag']) retrieved from /opt/airflow/dags/sample_dag.py
[2023-01-27 10:24:26,280] {logging_mixin.py:115} INFO - [2023-01-27 10:24:26,280] {dag.py:2371} INFO - Sync 1 DAGs
[2023-01-27 10:24:26,314] {logging_mixin.py:115} INFO - [2023-01-27 10:24:26,314] {dag.py:2919} INFO - Setting next_dagrun for first_sample_dag to None, run_after=None
[2023-01-27 10:24:26,448] {processor.py:161} INFO - Processing /opt/airflow/dags/sample_dag.py took 3.462 seconds
[2023-01-27 10:24:57,253] {processor.py:153} INFO - Started process (PID=616) to work on /opt/airflow/dags/sample_dag.py
[2023-01-27 10:24:57,254] {processor.py:641} INFO - Processing file /opt/airflow/dags/sample_dag.py for tasks to queue
[2023-01-27 10:24:57,256] {logging_mixin.py:115} INFO - [2023-01-27 10:24:57,255] {dagbag.py:507} INFO - Filling up the DagBag from /opt/airflow/dags/sample_dag.py
[2023-01-27 10:24:57,297] {processor.py:651} INFO - DAG(s) dict_keys(['first_sample_dag']) retrieved from /opt/airflow/dags/sample_dag.py
[2023-01-27 10:24:57,329] {logging_mixin.py:115} INFO - [2023-01-27 10:24:57,329] {dag.py:2371} INFO - Sync 1 DAGs
[2023-01-27 10:24:57,362] {logging_mixin.py:115} INFO - [2023-01-27 10:24:57,362] {dag.py:2919} INFO - Setting next_dagrun for first_sample_dag to None, run_after=None
[2023-01-27 10:24:57,940] {processor.py:161} INFO - Processing /opt/airflow/dags/sample_dag.py took 0.691 seconds
[2023-01-27 10:25:28,810] {processor.py:153} INFO - Started process (PID=621) to work on /opt/airflow/dags/sample_dag.py
[2023-01-27 10:25:37,891] {processor.py:641} INFO - Processing file /opt/airflow/dags/sample_dag.py for tasks to queue
[2023-01-27 10:25:37,893] {logging_mixin.py:115} INFO - [2023-01-27 10:25:37,893] {dagbag.py:507} INFO - Filling up the DagBag from /opt/airflow/dags/sample_dag.py
[2023-01-27 10:25:37,939] {processor.py:651} INFO - DAG(s) dict_keys(['first_sample_dag']) retrieved from /opt/airflow/dags/sample_dag.py
[2023-01-27 10:25:37,977] {logging_mixin.py:115} INFO - [2023-01-27 10:25:37,977] {dag.py:2371} INFO - Sync 1 DAGs
[2023-01-27 10:25:38,561] {logging_mixin.py:115} INFO - [2023-01-27 10:25:38,561] {dag.py:2919} INFO - Setting next_dagrun for first_sample_dag to None, run_after=None
[2023-01-27 10:25:40,563] {processor.py:161} INFO - Processing /opt/airflow/dags/sample_dag.py took 11.757 seconds
[2023-01-27 10:26:11,287] {processor.py:153} INFO - Started process (PID=626) to work on /opt/airflow/dags/sample_dag.py
[2023-01-27 10:26:11,288] {processor.py:641} INFO - Processing file /opt/airflow/dags/sample_dag.py for tasks to queue
[2023-01-27 10:26:11,289] {logging_mixin.py:115} INFO - [2023-01-27 10:26:11,289] {dagbag.py:507} INFO - Filling up the DagBag from /opt/airflow/dags/sample_dag.py
[2023-01-27 10:26:11,328] {processor.py:651} INFO - DAG(s) dict_keys(['first_sample_dag']) retrieved from /opt/airflow/dags/sample_dag.py
[2023-01-27 10:26:11,362] {logging_mixin.py:115} INFO - [2023-01-27 10:26:11,362] {dag.py:2371} INFO - Sync 1 DAGs
[2023-01-27 10:26:13,135] {logging_mixin.py:115} INFO - [2023-01-27 10:26:13,135] {dag.py:2919} INFO - Setting next_dagrun for first_sample_dag to None, run_after=None
[2023-01-27 10:26:18,677] {processor.py:161} INFO - Processing /opt/airflow/dags/sample_dag.py took 7.394 seconds
[2023-01-27 10:26:49,081] {processor.py:153} INFO - Started process (PID=631) to work on /opt/airflow/dags/sample_dag.py
[2023-01-27 10:26:49,083] {processor.py:641} INFO - Processing file /opt/airflow/dags/sample_dag.py for tasks to queue
[2023-01-27 10:26:49,085] {logging_mixin.py:115} INFO - [2023-01-27 10:26:49,084] {dagbag.py:507} INFO - Filling up the DagBag from /opt/airflow/dags/sample_dag.py
[2023-01-27 10:26:49,130] {processor.py:651} INFO - DAG(s) dict_keys(['first_sample_dag']) retrieved from /opt/airflow/dags/sample_dag.py
[2023-01-27 10:26:49,162] {logging_mixin.py:115} INFO - [2023-01-27 10:26:49,162] {dag.py:2371} INFO - Sync 1 DAGs
[2023-01-27 10:26:49,200] {logging_mixin.py:115} INFO - [2023-01-27 10:26:49,200] {dag.py:2919} INFO - Setting next_dagrun for first_sample_dag to None, run_after=None
[2023-01-27 10:26:56,081] {processor.py:161} INFO - Processing /opt/airflow/dags/sample_dag.py took 7.004 seconds
[2023-01-27 10:27:29,796] {processor.py:153} INFO - Started process (PID=636) to work on /opt/airflow/dags/sample_dag.py
[2023-01-27 10:27:29,798] {processor.py:641} INFO - Processing file /opt/airflow/dags/sample_dag.py for tasks to queue
[2023-01-27 10:27:29,800] {logging_mixin.py:115} INFO - [2023-01-27 10:27:29,800] {dagbag.py:507} INFO - Filling up the DagBag from /opt/airflow/dags/sample_dag.py
[2023-01-27 10:27:29,849] {processor.py:651} INFO - DAG(s) dict_keys(['first_sample_dag']) retrieved from /opt/airflow/dags/sample_dag.py
[2023-01-27 10:27:29,881] {logging_mixin.py:115} INFO - [2023-01-27 10:27:29,881] {dag.py:2371} INFO - Sync 1 DAGs
[2023-01-27 10:27:29,911] {logging_mixin.py:115} INFO - [2023-01-27 10:27:29,911] {dag.py:2919} INFO - Setting next_dagrun for first_sample_dag to None, run_after=None
[2023-01-27 10:27:30,290] {processor.py:161} INFO - Processing /opt/airflow/dags/sample_dag.py took 0.496 seconds
[2023-01-27 10:30:04,549] {processor.py:153} INFO - Started process (PID=641) to work on /opt/airflow/dags/sample_dag.py
[2023-01-27 10:30:06,008] {processor.py:641} INFO - Processing file /opt/airflow/dags/sample_dag.py for tasks to queue
[2023-01-27 10:30:06,010] {logging_mixin.py:115} INFO - [2023-01-27 10:30:06,010] {dagbag.py:507} INFO - Filling up the DagBag from /opt/airflow/dags/sample_dag.py
[2023-01-27 10:30:06,060] {processor.py:651} INFO - DAG(s) dict_keys(['first_sample_dag']) retrieved from /opt/airflow/dags/sample_dag.py
[2023-01-27 10:30:06,577] {logging_mixin.py:115} INFO - [2023-01-27 10:30:06,576] {dag.py:2371} INFO - Sync 1 DAGs
[2023-01-27 10:30:06,661] {logging_mixin.py:115} INFO - [2023-01-27 10:30:06,661] {dag.py:2919} INFO - Setting next_dagrun for first_sample_dag to None, run_after=None
[2023-01-27 10:30:36,806] {processor.py:161} INFO - Processing /opt/airflow/dags/sample_dag.py took 32.262 seconds
[2023-01-27 10:31:07,106] {processor.py:153} INFO - Started process (PID=646) to work on /opt/airflow/dags/sample_dag.py
[2023-01-27 10:31:07,107] {processor.py:641} INFO - Processing file /opt/airflow/dags/sample_dag.py for tasks to queue
[2023-01-27 10:31:07,109] {logging_mixin.py:115} INFO - [2023-01-27 10:31:07,109] {dagbag.py:507} INFO - Filling up the DagBag from /opt/airflow/dags/sample_dag.py
[2023-01-27 10:31:07,156] {processor.py:651} INFO - DAG(s) dict_keys(['first_sample_dag']) retrieved from /opt/airflow/dags/sample_dag.py
[2023-01-27 10:31:08,957] {logging_mixin.py:115} INFO - [2023-01-27 10:31:08,957] {dag.py:2371} INFO - Sync 1 DAGs
[2023-01-27 10:31:08,992] {logging_mixin.py:115} INFO - [2023-01-27 10:31:08,992] {dag.py:2919} INFO - Setting next_dagrun for first_sample_dag to None, run_after=None
[2023-01-27 10:31:12,551] {processor.py:161} INFO - Processing /opt/airflow/dags/sample_dag.py took 5.448 seconds
[2023-01-27 10:31:43,161] {processor.py:153} INFO - Started process (PID=651) to work on /opt/airflow/dags/sample_dag.py
[2023-01-27 10:31:43,163] {processor.py:641} INFO - Processing file /opt/airflow/dags/sample_dag.py for tasks to queue
[2023-01-27 10:31:43,165] {logging_mixin.py:115} INFO - [2023-01-27 10:31:43,165] {dagbag.py:507} INFO - Filling up the DagBag from /opt/airflow/dags/sample_dag.py
[2023-01-27 10:31:43,212] {processor.py:651} INFO - DAG(s) dict_keys(['first_sample_dag']) retrieved from /opt/airflow/dags/sample_dag.py
[2023-01-27 10:31:43,249] {logging_mixin.py:115} INFO - [2023-01-27 10:31:43,249] {dag.py:2371} INFO - Sync 1 DAGs
[2023-01-27 10:31:43,284] {logging_mixin.py:115} INFO - [2023-01-27 10:31:43,283] {dag.py:2919} INFO - Setting next_dagrun for first_sample_dag to None, run_after=None
[2023-01-27 10:31:44,268] {processor.py:161} INFO - Processing /opt/airflow/dags/sample_dag.py took 1.113 seconds
[2023-01-27 10:32:14,441] {processor.py:153} INFO - Started process (PID=656) to work on /opt/airflow/dags/sample_dag.py
[2023-01-27 10:32:14,443] {processor.py:641} INFO - Processing file /opt/airflow/dags/sample_dag.py for tasks to queue
[2023-01-27 10:32:14,444] {logging_mixin.py:115} INFO - [2023-01-27 10:32:14,444] {dagbag.py:507} INFO - Filling up the DagBag from /opt/airflow/dags/sample_dag.py
[2023-01-27 10:32:14,492] {processor.py:651} INFO - DAG(s) dict_keys(['first_sample_dag']) retrieved from /opt/airflow/dags/sample_dag.py
[2023-01-27 10:32:14,527] {logging_mixin.py:115} INFO - [2023-01-27 10:32:14,527] {dag.py:2371} INFO - Sync 1 DAGs
[2023-01-27 10:32:14,562] {logging_mixin.py:115} INFO - [2023-01-27 10:32:14,562] {dag.py:2919} INFO - Setting next_dagrun for first_sample_dag to None, run_after=None
[2023-01-27 10:32:14,706] {processor.py:161} INFO - Processing /opt/airflow/dags/sample_dag.py took 0.270 seconds
[2023-01-27 10:32:45,174] {processor.py:153} INFO - Started process (PID=661) to work on /opt/airflow/dags/sample_dag.py
[2023-01-27 10:32:45,176] {processor.py:641} INFO - Processing file /opt/airflow/dags/sample_dag.py for tasks to queue
[2023-01-27 10:32:45,178] {logging_mixin.py:115} INFO - [2023-01-27 10:32:45,177] {dagbag.py:507} INFO - Filling up the DagBag from /opt/airflow/dags/sample_dag.py
[2023-01-27 10:32:45,226] {processor.py:651} INFO - DAG(s) dict_keys(['first_sample_dag']) retrieved from /opt/airflow/dags/sample_dag.py
[2023-01-27 10:32:45,546] {logging_mixin.py:115} INFO - [2023-01-27 10:32:45,546] {dag.py:2371} INFO - Sync 1 DAGs
[2023-01-27 10:32:45,585] {logging_mixin.py:115} INFO - [2023-01-27 10:32:45,584] {dag.py:2919} INFO - Setting next_dagrun for first_sample_dag to None, run_after=None
[2023-01-27 10:32:46,048] {processor.py:161} INFO - Processing /opt/airflow/dags/sample_dag.py took 0.877 seconds
[2023-01-27 10:33:17,078] {processor.py:153} INFO - Started process (PID=666) to work on /opt/airflow/dags/sample_dag.py
[2023-01-27 10:33:17,080] {processor.py:641} INFO - Processing file /opt/airflow/dags/sample_dag.py for tasks to queue
[2023-01-27 10:33:17,082] {logging_mixin.py:115} INFO - [2023-01-27 10:33:17,082] {dagbag.py:507} INFO - Filling up the DagBag from /opt/airflow/dags/sample_dag.py
[2023-01-27 10:33:17,132] {processor.py:651} INFO - DAG(s) dict_keys(['first_sample_dag']) retrieved from /opt/airflow/dags/sample_dag.py
[2023-01-27 10:33:17,253] {logging_mixin.py:115} INFO - [2023-01-27 10:33:17,253] {dag.py:2371} INFO - Sync 1 DAGs
[2023-01-27 10:33:17,291] {logging_mixin.py:115} INFO - [2023-01-27 10:33:17,291] {dag.py:2919} INFO - Setting next_dagrun for first_sample_dag to None, run_after=None
[2023-01-27 10:33:17,670] {processor.py:161} INFO - Processing /opt/airflow/dags/sample_dag.py took 0.597 seconds
[2023-01-27 10:33:48,012] {processor.py:153} INFO - Started process (PID=671) to work on /opt/airflow/dags/sample_dag.py
[2023-01-27 10:33:48,014] {processor.py:641} INFO - Processing file /opt/airflow/dags/sample_dag.py for tasks to queue
[2023-01-27 10:33:48,015] {logging_mixin.py:115} INFO - [2023-01-27 10:33:48,015] {dagbag.py:507} INFO - Filling up the DagBag from /opt/airflow/dags/sample_dag.py
[2023-01-27 10:33:48,062] {processor.py:651} INFO - DAG(s) dict_keys(['first_sample_dag']) retrieved from /opt/airflow/dags/sample_dag.py
[2023-01-27 10:33:48,096] {logging_mixin.py:115} INFO - [2023-01-27 10:33:48,096] {dag.py:2371} INFO - Sync 1 DAGs
[2023-01-27 10:33:48,125] {logging_mixin.py:115} INFO - [2023-01-27 10:33:48,125] {dag.py:2919} INFO - Setting next_dagrun for first_sample_dag to None, run_after=None
[2023-01-27 10:33:48,344] {processor.py:161} INFO - Processing /opt/airflow/dags/sample_dag.py took 0.335 seconds
[2023-01-27 10:34:19,137] {processor.py:153} INFO - Started process (PID=676) to work on /opt/airflow/dags/sample_dag.py
[2023-01-27 10:34:19,138] {processor.py:641} INFO - Processing file /opt/airflow/dags/sample_dag.py for tasks to queue
[2023-01-27 10:34:19,140] {logging_mixin.py:115} INFO - [2023-01-27 10:34:19,140] {dagbag.py:507} INFO - Filling up the DagBag from /opt/airflow/dags/sample_dag.py
[2023-01-27 10:34:19,242] {processor.py:651} INFO - DAG(s) dict_keys(['first_sample_dag']) retrieved from /opt/airflow/dags/sample_dag.py
[2023-01-27 10:34:19,282] {logging_mixin.py:115} INFO - [2023-01-27 10:34:19,282] {dag.py:2371} INFO - Sync 1 DAGs
[2023-01-27 10:34:19,319] {logging_mixin.py:115} INFO - [2023-01-27 10:34:19,319] {dag.py:2919} INFO - Setting next_dagrun for first_sample_dag to None, run_after=None
[2023-01-27 10:34:19,441] {processor.py:161} INFO - Processing /opt/airflow/dags/sample_dag.py took 0.309 seconds
[2023-01-27 10:34:49,810] {processor.py:153} INFO - Started process (PID=681) to work on /opt/airflow/dags/sample_dag.py
[2023-01-27 10:34:49,811] {processor.py:641} INFO - Processing file /opt/airflow/dags/sample_dag.py for tasks to queue
[2023-01-27 10:34:49,813] {logging_mixin.py:115} INFO - [2023-01-27 10:34:49,813] {dagbag.py:507} INFO - Filling up the DagBag from /opt/airflow/dags/sample_dag.py
[2023-01-27 10:34:49,952] {processor.py:651} INFO - DAG(s) dict_keys(['first_sample_dag']) retrieved from /opt/airflow/dags/sample_dag.py
[2023-01-27 10:34:49,990] {logging_mixin.py:115} INFO - [2023-01-27 10:34:49,990] {dag.py:2371} INFO - Sync 1 DAGs
[2023-01-27 10:34:50,030] {logging_mixin.py:115} INFO - [2023-01-27 10:34:50,030] {dag.py:2919} INFO - Setting next_dagrun for first_sample_dag to None, run_after=None
[2023-01-27 10:34:50,228] {processor.py:161} INFO - Processing /opt/airflow/dags/sample_dag.py took 0.422 seconds
[2023-01-27 10:35:20,686] {processor.py:153} INFO - Started process (PID=686) to work on /opt/airflow/dags/sample_dag.py
[2023-01-27 10:35:20,687] {processor.py:641} INFO - Processing file /opt/airflow/dags/sample_dag.py for tasks to queue
[2023-01-27 10:35:20,689] {logging_mixin.py:115} INFO - [2023-01-27 10:35:20,689] {dagbag.py:507} INFO - Filling up the DagBag from /opt/airflow/dags/sample_dag.py
[2023-01-27 10:35:20,741] {processor.py:651} INFO - DAG(s) dict_keys(['first_sample_dag']) retrieved from /opt/airflow/dags/sample_dag.py
[2023-01-27 10:35:20,914] {logging_mixin.py:115} INFO - [2023-01-27 10:35:20,914] {dag.py:2371} INFO - Sync 1 DAGs
[2023-01-27 10:35:20,949] {logging_mixin.py:115} INFO - [2023-01-27 10:35:20,948] {dag.py:2919} INFO - Setting next_dagrun for first_sample_dag to None, run_after=None
[2023-01-27 10:35:21,831] {processor.py:161} INFO - Processing /opt/airflow/dags/sample_dag.py took 1.150 seconds
[2023-01-27 10:35:52,204] {processor.py:153} INFO - Started process (PID=691) to work on /opt/airflow/dags/sample_dag.py
[2023-01-27 10:35:52,206] {processor.py:641} INFO - Processing file /opt/airflow/dags/sample_dag.py for tasks to queue
[2023-01-27 10:35:52,208] {logging_mixin.py:115} INFO - [2023-01-27 10:35:52,207] {dagbag.py:507} INFO - Filling up the DagBag from /opt/airflow/dags/sample_dag.py
[2023-01-27 10:35:52,256] {processor.py:651} INFO - DAG(s) dict_keys(['first_sample_dag']) retrieved from /opt/airflow/dags/sample_dag.py
[2023-01-27 10:35:52,295] {logging_mixin.py:115} INFO - [2023-01-27 10:35:52,295] {dag.py:2371} INFO - Sync 1 DAGs
[2023-01-27 10:35:52,339] {logging_mixin.py:115} INFO - [2023-01-27 10:35:52,339] {dag.py:2919} INFO - Setting next_dagrun for first_sample_dag to None, run_after=None
[2023-01-27 10:35:52,527] {processor.py:161} INFO - Processing /opt/airflow/dags/sample_dag.py took 0.326 seconds
[2023-01-27 10:36:23,460] {processor.py:153} INFO - Started process (PID=696) to work on /opt/airflow/dags/sample_dag.py
[2023-01-27 10:36:23,462] {processor.py:641} INFO - Processing file /opt/airflow/dags/sample_dag.py for tasks to queue
[2023-01-27 10:36:23,463] {logging_mixin.py:115} INFO - [2023-01-27 10:36:23,463] {dagbag.py:507} INFO - Filling up the DagBag from /opt/airflow/dags/sample_dag.py
[2023-01-27 10:36:23,509] {processor.py:651} INFO - DAG(s) dict_keys(['first_sample_dag']) retrieved from /opt/airflow/dags/sample_dag.py
[2023-01-27 10:36:23,544] {logging_mixin.py:115} INFO - [2023-01-27 10:36:23,543] {dag.py:2371} INFO - Sync 1 DAGs
[2023-01-27 10:36:23,579] {logging_mixin.py:115} INFO - [2023-01-27 10:36:23,579] {dag.py:2919} INFO - Setting next_dagrun for first_sample_dag to None, run_after=None
[2023-01-27 10:36:25,634] {processor.py:161} INFO - Processing /opt/airflow/dags/sample_dag.py took 2.212 seconds
[2023-01-27 10:36:56,067] {processor.py:153} INFO - Started process (PID=701) to work on /opt/airflow/dags/sample_dag.py
[2023-01-27 10:36:56,069] {processor.py:641} INFO - Processing file /opt/airflow/dags/sample_dag.py for tasks to queue
[2023-01-27 10:36:56,071] {logging_mixin.py:115} INFO - [2023-01-27 10:36:56,071] {dagbag.py:507} INFO - Filling up the DagBag from /opt/airflow/dags/sample_dag.py
[2023-01-27 10:36:56,124] {processor.py:651} INFO - DAG(s) dict_keys(['first_sample_dag']) retrieved from /opt/airflow/dags/sample_dag.py
[2023-01-27 10:36:56,468] {logging_mixin.py:115} INFO - [2023-01-27 10:36:56,468] {dag.py:2371} INFO - Sync 1 DAGs
[2023-01-27 10:36:56,502] {logging_mixin.py:115} INFO - [2023-01-27 10:36:56,501] {dag.py:2919} INFO - Setting next_dagrun for first_sample_dag to None, run_after=None
[2023-01-27 10:36:56,918] {processor.py:161} INFO - Processing /opt/airflow/dags/sample_dag.py took 0.855 seconds
