[2023-01-27 09:21:55,952] {manager.py:474} INFO - Processing files using up to 2 processes at a time 
[2023-01-27 09:21:56,231] {manager.py:475} INFO - Process each file at most once every 30 seconds
[2023-01-27 09:21:56,232] {manager.py:477} INFO - Checking for new files in /opt/airflow/dags every 300 seconds
[2023-01-27 09:21:56,234] {manager.py:684} INFO - Searching for files in /opt/airflow/dags
[2023-01-27 09:22:00,661] {manager.py:687} INFO - There are 1 files in /opt/airflow/dags
[2023-01-27 09:22:17,321] {manager.py:803} INFO - 
================================================================================
DAG File Processing Stats

File Path                          PID  Runtime      # DAGs    # Errors  Last Runtime    Last Run
-------------------------------  -----  ---------  --------  ----------  --------------  ----------
/opt/airflow/dags/sample_dag.py    188  6.62s             0           0
================================================================================
[2023-01-27 09:22:49,761] {manager.py:803} INFO - 
================================================================================
DAG File Processing Stats

File Path                          PID  Runtime      # DAGs    # Errors  Last Runtime    Last Run
-------------------------------  -----  ---------  --------  ----------  --------------  ----------
/opt/airflow/dags/sample_dag.py    188  39.17s            0           0
================================================================================
[2023-01-27 09:23:01,378] {manager.py:1076} ERROR - Processor for /opt/airflow/dags/sample_dag.py with PID 188 started at 2023-01-27T09:22:10.590104+00:00 has timed out, killing it.
[2023-01-27 09:23:20,501] {manager.py:803} INFO - 
================================================================================
DAG File Processing Stats

File Path                          PID  Runtime      # DAGs    # Errors  Last Runtime    Last Run
-------------------------------  -----  ---------  --------  ----------  --------------  ----------
/opt/airflow/dags/sample_dag.py    191  19.11s            0           0
================================================================================
[2023-01-27 09:23:51,019] {manager.py:803} INFO - 
================================================================================
DAG File Processing Stats

File Path                          PID  Runtime      # DAGs    # Errors  Last Runtime    Last Run
-------------------------------  -----  ---------  --------  ----------  --------------  ----------
/opt/airflow/dags/sample_dag.py    191  49.62s            0           0
================================================================================
[2023-01-27 09:23:52,022] {manager.py:1076} ERROR - Processor for /opt/airflow/dags/sample_dag.py with PID 191 started at 2023-01-27T09:23:01.395573+00:00 has timed out, killing it.
[2023-01-27 09:24:21,237] {manager.py:803} INFO - 
================================================================================
DAG File Processing Stats

File Path                          PID  Runtime      # DAGs    # Errors  Last Runtime    Last Run
-------------------------------  -----  ---------  --------  ----------  --------------  ----------
/opt/airflow/dags/sample_dag.py    194  29.20s            0           0
================================================================================
[2023-01-27 09:24:51,255] {manager.py:803} INFO - 
================================================================================
DAG File Processing Stats

File Path                        PID    Runtime      # DAGs    # Errors  Last Runtime    Last Run
-------------------------------  -----  ---------  --------  ----------  --------------  -------------------
/opt/airflow/dags/sample_dag.py                           1           0  30.06s          2023-01-27T09:24:22
================================================================================
[2023-01-27 09:25:21,925] {manager.py:803} INFO - 
================================================================================
DAG File Processing Stats

File Path                        PID    Runtime      # DAGs    # Errors  Last Runtime    Last Run
-------------------------------  -----  ---------  --------  ----------  --------------  -------------------
/opt/airflow/dags/sample_dag.py                           1           0  2.97s           2023-01-27T09:24:55
================================================================================
[2023-01-27 09:25:51,404] {manager.py:803} INFO - 
================================================================================
DAG File Processing Stats

File Path                        PID    Runtime      # DAGs    # Errors  Last Runtime    Last Run
-------------------------------  -----  ---------  --------  ----------  --------------  -------------------
/opt/airflow/dags/sample_dag.py                           1           0  13.71s          2023-01-27T09:25:39
================================================================================
[2023-01-27 09:26:21,467] {manager.py:803} INFO - 
================================================================================
DAG File Processing Stats

File Path                          PID  Runtime      # DAGs    # Errors  Last Runtime    Last Run
-------------------------------  -----  ---------  --------  ----------  --------------  -------------------
/opt/airflow/dags/sample_dag.py    209  11.07s            1           0  13.71s          2023-01-27T09:25:39
================================================================================
[2023-01-27 09:26:53,735] {manager.py:803} INFO - 
================================================================================
DAG File Processing Stats

File Path                        PID    Runtime      # DAGs    # Errors  Last Runtime    Last Run
-------------------------------  -----  ---------  --------  ----------  --------------  -------------------
/opt/airflow/dags/sample_dag.py                           1           0  12.06s          2023-01-27T09:26:22
================================================================================
[2023-01-27 09:26:57,224] {manager.py:684} INFO - Searching for files in /opt/airflow/dags
[2023-01-27 09:26:57,277] {manager.py:687} INFO - There are 1 files in /opt/airflow/dags
[2023-01-27 09:27:24,541] {manager.py:803} INFO - 
================================================================================
DAG File Processing Stats

File Path                        PID    Runtime      # DAGs    # Errors  Last Runtime    Last Run
-------------------------------  -----  ---------  --------  ----------  --------------  -------------------
/opt/airflow/dags/sample_dag.py                           1           0  10.68s          2023-01-27T09:27:04
================================================================================
[2023-01-27 09:27:54,716] {manager.py:803} INFO - 
================================================================================
DAG File Processing Stats

File Path                        PID    Runtime      # DAGs    # Errors  Last Runtime    Last Run
-------------------------------  -----  ---------  --------  ----------  --------------  -------------------
/opt/airflow/dags/sample_dag.py                           1           0  8.20s           2023-01-27T09:27:42
================================================================================
[2023-01-27 09:28:25,071] {manager.py:803} INFO - 
================================================================================
DAG File Processing Stats

File Path                        PID    Runtime      # DAGs    # Errors  Last Runtime    Last Run
-------------------------------  -----  ---------  --------  ----------  --------------  -------------------
/opt/airflow/dags/sample_dag.py                           1           0  0.61s           2023-01-27T09:28:13
================================================================================
[2023-01-27 09:28:55,755] {manager.py:803} INFO - 
================================================================================
DAG File Processing Stats

File Path                        PID    Runtime      # DAGs    # Errors  Last Runtime    Last Run
-------------------------------  -----  ---------  --------  ----------  --------------  -------------------
/opt/airflow/dags/sample_dag.py                           1           0  5.36s           2023-01-27T09:28:49
================================================================================
[2023-01-27 09:29:25,930] {manager.py:803} INFO - 
================================================================================
DAG File Processing Stats

File Path                          PID  Runtime      # DAGs    # Errors  Last Runtime    Last Run
-------------------------------  -----  ---------  --------  ----------  --------------  -------------------
/opt/airflow/dags/sample_dag.py    234  6.04s             1           0  5.36s           2023-01-27T09:28:49
================================================================================
[2023-01-27 09:29:56,252] {manager.py:803} INFO - 
================================================================================
DAG File Processing Stats

File Path                        PID    Runtime      # DAGs    # Errors  Last Runtime    Last Run
-------------------------------  -----  ---------  --------  ----------  --------------  -------------------
/opt/airflow/dags/sample_dag.py                           1           0  8.34s           2023-01-27T09:29:28
================================================================================
[2023-01-27 09:30:26,256] {manager.py:803} INFO - 
================================================================================
DAG File Processing Stats

File Path                          PID  Runtime      # DAGs    # Errors  Last Runtime    Last Run
-------------------------------  -----  ---------  --------  ----------  --------------  -------------------
/opt/airflow/dags/sample_dag.py    239  27.99s            1           0  8.34s           2023-01-27T09:29:28
================================================================================
[2023-01-27 09:30:56,777] {manager.py:803} INFO - 
================================================================================
DAG File Processing Stats

File Path                        PID    Runtime      # DAGs    # Errors  Last Runtime    Last Run
-------------------------------  -----  ---------  --------  ----------  --------------  -------------------
/opt/airflow/dags/sample_dag.py                           1           0  42.62s          2023-01-27T09:30:40
================================================================================
[2023-01-27 09:31:27,118] {manager.py:803} INFO - 
================================================================================
DAG File Processing Stats

File Path                          PID  Runtime      # DAGs    # Errors  Last Runtime    Last Run
-------------------------------  -----  ---------  --------  ----------  --------------  -------------------
/opt/airflow/dags/sample_dag.py    244  15.25s            1           0  42.62s          2023-01-27T09:30:40
================================================================================
[2023-01-27 09:31:57,979] {manager.py:684} INFO - Searching for files in /opt/airflow/dags
[2023-01-27 09:31:58,035] {manager.py:687} INFO - There are 1 files in /opt/airflow/dags
[2023-01-27 09:31:58,051] {manager.py:803} INFO - 
================================================================================
DAG File Processing Stats

File Path                        PID    Runtime      # DAGs    # Errors  Last Runtime    Last Run
-------------------------------  -----  ---------  --------  ----------  --------------  -------------------
/opt/airflow/dags/sample_dag.py                           1           0  17.13s          2023-01-27T09:31:28
================================================================================
[2023-01-27 09:32:28,850] {manager.py:803} INFO - 
================================================================================
DAG File Processing Stats

File Path                        PID    Runtime      # DAGs    # Errors  Last Runtime    Last Run
-------------------------------  -----  ---------  --------  ----------  --------------  -------------------
/opt/airflow/dags/sample_dag.py                           1           0  1.08s           2023-01-27T09:32:00
================================================================================
[2023-01-27 09:32:59,156] {manager.py:803} INFO - 
================================================================================
DAG File Processing Stats

File Path                        PID    Runtime      # DAGs    # Errors  Last Runtime    Last Run
-------------------------------  -----  ---------  --------  ----------  --------------  -------------------
/opt/airflow/dags/sample_dag.py                           1           0  14.70s          2023-01-27T09:32:45
================================================================================
[2023-01-27 09:33:30,316] {manager.py:803} INFO - 
================================================================================
DAG File Processing Stats

File Path                          PID  Runtime      # DAGs    # Errors  Last Runtime    Last Run
-------------------------------  -----  ---------  --------  ----------  --------------  -------------------
/opt/airflow/dags/sample_dag.py    259  13.76s            1           0  14.70s          2023-01-27T09:32:45
================================================================================
[2023-01-27 09:34:06,284] {manager.py:1076} ERROR - Processor for /opt/airflow/dags/sample_dag.py with PID 259 started at 2023-01-27T09:33:16.151656+00:00 has timed out, killing it.
[2023-01-27 09:34:06,656] {manager.py:803} INFO - 
================================================================================
DAG File Processing Stats

File Path                          PID  Runtime      # DAGs    # Errors  Last Runtime    Last Run
-------------------------------  -----  ---------  --------  ----------  --------------  -------------------
/opt/airflow/dags/sample_dag.py    263  0.35s             1           0  14.70s          2023-01-27T09:32:45
================================================================================
[2023-01-27 09:34:36,803] {manager.py:803} INFO - 
================================================================================
DAG File Processing Stats

File Path                        PID    Runtime      # DAGs    # Errors  Last Runtime    Last Run
-------------------------------  -----  ---------  --------  ----------  --------------  -------------------
/opt/airflow/dags/sample_dag.py                           1           0  20.97s          2023-01-27T09:34:27
================================================================================
[2023-01-27 09:35:07,346] {manager.py:803} INFO - 
================================================================================
DAG File Processing Stats

File Path                          PID  Runtime      # DAGs    # Errors  Last Runtime    Last Run
-------------------------------  -----  ---------  --------  ----------  --------------  -------------------
/opt/airflow/dags/sample_dag.py    268  6.23s             1           0  20.97s          2023-01-27T09:34:27
================================================================================
[2023-01-27 09:35:38,051] {manager.py:803} INFO - 
================================================================================
DAG File Processing Stats

File Path                          PID  Runtime      # DAGs    # Errors  Last Runtime    Last Run
-------------------------------  -----  ---------  --------  ----------  --------------  -------------------
/opt/airflow/dags/sample_dag.py    268  36.93s            1           0  20.97s          2023-01-27T09:34:27
================================================================================
[2023-01-27 09:35:51,494] {manager.py:1076} ERROR - Processor for /opt/airflow/dags/sample_dag.py with PID 268 started at 2023-01-27T09:35:01.117541+00:00 has timed out, killing it.
[2023-01-27 09:36:08,102] {manager.py:803} INFO - 
================================================================================
DAG File Processing Stats

File Path                        PID    Runtime      # DAGs    # Errors  Last Runtime    Last Run
-------------------------------  -----  ---------  --------  ----------  --------------  -------------------
/opt/airflow/dags/sample_dag.py                           1           0  15.58s          2023-01-27T09:36:07
================================================================================
[2023-01-27 09:36:38,809] {manager.py:803} INFO - 
================================================================================
DAG File Processing Stats

File Path                          PID  Runtime      # DAGs    # Errors  Last Runtime    Last Run
-------------------------------  -----  ---------  --------  ----------  --------------  -------------------
/opt/airflow/dags/sample_dag.py    276  1.01s             1           0  15.58s          2023-01-27T09:36:07
================================================================================
[2023-01-27 09:36:58,312] {manager.py:684} INFO - Searching for files in /opt/airflow/dags
[2023-01-27 09:36:59,473] {manager.py:687} INFO - There are 1 files in /opt/airflow/dags
[2023-01-27 09:37:08,312] {manager.py:803} INFO - 
================================================================================
DAG File Processing Stats

File Path                        PID    Runtime      # DAGs    # Errors  Last Runtime    Last Run
-------------------------------  -----  ---------  --------  ----------  --------------  -------------------
/opt/airflow/dags/sample_dag.py                           1           0  12.13s          2023-01-27T09:36:49
================================================================================
[2023-01-27 09:37:38,954] {manager.py:803} INFO - 
================================================================================
DAG File Processing Stats

File Path                        PID    Runtime      # DAGs    # Errors  Last Runtime    Last Run
-------------------------------  -----  ---------  --------  ----------  --------------  -------------------
/opt/airflow/dags/sample_dag.py                           1           0  2.66s           2023-01-27T09:37:22
================================================================================
[2023-01-27 09:38:09,290] {manager.py:803} INFO - 
================================================================================
DAG File Processing Stats

File Path                        PID    Runtime      # DAGs    # Errors  Last Runtime    Last Run
-------------------------------  -----  ---------  --------  ----------  --------------  -------------------
/opt/airflow/dags/sample_dag.py                           1           0  2.28s           2023-01-27T09:37:55
================================================================================
[2023-01-27 09:38:40,115] {manager.py:803} INFO - 
================================================================================
DAG File Processing Stats

File Path                        PID    Runtime      # DAGs    # Errors  Last Runtime    Last Run
-------------------------------  -----  ---------  --------  ----------  --------------  -------------------
/opt/airflow/dags/sample_dag.py                           1           0  3.62s           2023-01-27T09:38:29
================================================================================
[2023-01-27 09:39:10,357] {manager.py:803} INFO - 
================================================================================
DAG File Processing Stats

File Path                        PID    Runtime      # DAGs    # Errors  Last Runtime    Last Run
-------------------------------  -----  ---------  --------  ----------  --------------  -------------------
/opt/airflow/dags/sample_dag.py                           1           0  5.47s           2023-01-27T09:39:04
================================================================================
[2023-01-27 09:39:41,565] {manager.py:803} INFO - 
================================================================================
DAG File Processing Stats

File Path                          PID  Runtime      # DAGs    # Errors  Last Runtime    Last Run
-------------------------------  -----  ---------  --------  ----------  --------------  -------------------
/opt/airflow/dags/sample_dag.py    301  6.49s             1           0  5.47s           2023-01-27T09:39:04
================================================================================
[2023-01-27 09:40:11,746] {manager.py:803} INFO - 
================================================================================
DAG File Processing Stats

File Path                          PID  Runtime      # DAGs    # Errors  Last Runtime    Last Run
-------------------------------  -----  ---------  --------  ----------  --------------  -------------------
/opt/airflow/dags/sample_dag.py    306  0.01s             1           0  6.63s           2023-01-27T09:39:41
================================================================================
[2023-01-27 09:40:43,406] {manager.py:803} INFO - 
================================================================================
DAG File Processing Stats

File Path                        PID    Runtime      # DAGs    # Errors  Last Runtime    Last Run
-------------------------------  -----  ---------  --------  ----------  --------------  -------------------
/opt/airflow/dags/sample_dag.py                           1           0  19.70s          2023-01-27T09:40:31
================================================================================
[2023-01-27 09:41:13,324] {manager.py:803} INFO - 
================================================================================
DAG File Processing Stats

File Path                        PID    Runtime      # DAGs    # Errors  Last Runtime    Last Run
-------------------------------  -----  ---------  --------  ----------  --------------  -------------------
/opt/airflow/dags/sample_dag.py                           1           0  8.51s           2023-01-27T09:41:10
================================================================================
[2023-01-27 09:41:43,777] {manager.py:803} INFO - 
================================================================================
DAG File Processing Stats

File Path                          PID  Runtime      # DAGs    # Errors  Last Runtime    Last Run
-------------------------------  -----  ---------  --------  ----------  --------------  -------------------
/opt/airflow/dags/sample_dag.py    316  2.85s             1           0  8.51s           2023-01-27T09:41:10
================================================================================
[2023-01-27 09:41:58,747] {manager.py:684} INFO - Searching for files in /opt/airflow/dags
[2023-01-27 09:41:58,799] {manager.py:687} INFO - There are 1 files in /opt/airflow/dags
[2023-01-27 09:42:13,890] {manager.py:803} INFO - 
================================================================================
DAG File Processing Stats

File Path                        PID    Runtime      # DAGs    # Errors  Last Runtime    Last Run
-------------------------------  -----  ---------  --------  ----------  --------------  -------------------
/opt/airflow/dags/sample_dag.py                           1           0  3.25s           2023-01-27T09:41:44
================================================================================
[2023-01-27 09:42:43,976] {manager.py:803} INFO - 
================================================================================
DAG File Processing Stats

File Path                        PID    Runtime      # DAGs    # Errors  Last Runtime    Last Run
-------------------------------  -----  ---------  --------  ----------  --------------  -------------------
/opt/airflow/dags/sample_dag.py                           1           0  12.59s          2023-01-27T09:42:27
================================================================================
[2023-01-27 09:43:14,396] {manager.py:803} INFO - 
================================================================================
DAG File Processing Stats

File Path                        PID    Runtime      # DAGs    # Errors  Last Runtime    Last Run
-------------------------------  -----  ---------  --------  ----------  --------------  -------------------
/opt/airflow/dags/sample_dag.py                           1           0  9.47s           2023-01-27T09:43:07
================================================================================
[2023-01-27 09:43:45,226] {manager.py:803} INFO - 
================================================================================
DAG File Processing Stats

File Path                          PID  Runtime      # DAGs    # Errors  Last Runtime    Last Run
-------------------------------  -----  ---------  --------  ----------  --------------  -------------------
/opt/airflow/dags/sample_dag.py    331  6.52s             1           0  9.47s           2023-01-27T09:43:07
================================================================================
[2023-01-27 09:44:15,629] {manager.py:803} INFO - 
================================================================================
DAG File Processing Stats

File Path                        PID    Runtime      # DAGs    # Errors  Last Runtime    Last Run
-------------------------------  -----  ---------  --------  ----------  --------------  -------------------
/opt/airflow/dags/sample_dag.py                           1           0  20.88s          2023-01-27T09:43:58
================================================================================
[2023-01-27 09:44:46,172] {manager.py:803} INFO - 
================================================================================
DAG File Processing Stats

File Path                          PID  Runtime      # DAGs    # Errors  Last Runtime    Last Run
-------------------------------  -----  ---------  --------  ----------  --------------  -------------------
/opt/airflow/dags/sample_dag.py    336  17.47s            1           0  20.88s          2023-01-27T09:43:58
================================================================================
[2023-01-27 09:45:16,402] {manager.py:803} INFO - 
================================================================================
DAG File Processing Stats

File Path                        PID    Runtime      # DAGs    # Errors  Last Runtime    Last Run
-------------------------------  -----  ---------  --------  ----------  --------------  -------------------
/opt/airflow/dags/sample_dag.py                           1           0  31.15s          2023-01-27T09:44:59
================================================================================
[2023-01-27 09:45:48,688] {manager.py:803} INFO - 
================================================================================
DAG File Processing Stats

File Path                          PID  Runtime      # DAGs    # Errors  Last Runtime    Last Run
-------------------------------  -----  ---------  --------  ----------  --------------  -------------------
/opt/airflow/dags/sample_dag.py    341  18.20s            1           0  31.15s          2023-01-27T09:44:59
================================================================================
[2023-01-27 09:46:21,909] {manager.py:803} INFO - 
================================================================================
DAG File Processing Stats

File Path                        PID    Runtime      # DAGs    # Errors  Last Runtime    Last Run
-------------------------------  -----  ---------  --------  ----------  --------------  -------------------
/opt/airflow/dags/sample_dag.py                           1           0  22.61s          2023-01-27T09:45:53
================================================================================
[2023-01-27 09:46:50,050] {manager.py:803} INFO - 
================================================================================
DAG File Processing Stats

File Path                          PID  Runtime      # DAGs    # Errors  Last Runtime    Last Run
-------------------------------  -----  ---------  --------  ----------  --------------  -------------------
/opt/airflow/dags/sample_dag.py    346  24.79s            1           0  22.61s          2023-01-27T09:45:53
================================================================================
[2023-01-27 09:46:59,472] {manager.py:684} INFO - Searching for files in /opt/airflow/dags
[2023-01-27 09:46:59,533] {manager.py:687} INFO - There are 1 files in /opt/airflow/dags
[2023-01-27 09:47:25,306] {manager.py:803} INFO - 
================================================================================
DAG File Processing Stats

File Path                        PID    Runtime      # DAGs    # Errors  Last Runtime    Last Run
-------------------------------  -----  ---------  --------  ----------  --------------  -------------------
/opt/airflow/dags/sample_dag.py                           1           0  33.71s          2023-01-27T09:46:57
================================================================================
[2023-01-27 09:47:55,050] {manager.py:803} INFO - 
================================================================================
DAG File Processing Stats

File Path                        PID    Runtime      # DAGs    # Errors  Last Runtime    Last Run
-------------------------------  -----  ---------  --------  ----------  --------------  -------------------
/opt/airflow/dags/sample_dag.py                           1           0  10.94s          2023-01-27T09:47:39
================================================================================
[2023-01-27 09:48:25,310] {manager.py:803} INFO - 
================================================================================
DAG File Processing Stats

File Path                        PID    Runtime      # DAGs    # Errors  Last Runtime    Last Run
-------------------------------  -----  ---------  --------  ----------  --------------  -------------------
/opt/airflow/dags/sample_dag.py                           1           0  2.73s           2023-01-27T09:48:12
================================================================================
[2023-01-27 09:48:56,160] {manager.py:803} INFO - 
================================================================================
DAG File Processing Stats

File Path                          PID  Runtime      # DAGs    # Errors  Last Runtime    Last Run
-------------------------------  -----  ---------  --------  ----------  --------------  -------------------
/opt/airflow/dags/sample_dag.py    361  12.31s            1           0  2.73s           2023-01-27T09:48:12
================================================================================
[2023-01-27 09:49:26,451] {manager.py:803} INFO - 
================================================================================
DAG File Processing Stats

File Path                        PID    Runtime      # DAGs    # Errors  Last Runtime    Last Run
-------------------------------  -----  ---------  --------  ----------  --------------  -------------------
/opt/airflow/dags/sample_dag.py                           1           0  19.76s          2023-01-27T09:49:03
================================================================================
[2023-01-27 09:49:56,969] {manager.py:803} INFO - 
================================================================================
DAG File Processing Stats

File Path                        PID    Runtime      # DAGs    # Errors  Last Runtime    Last Run
-------------------------------  -----  ---------  --------  ----------  --------------  -------------------
/opt/airflow/dags/sample_dag.py                           1           0  7.54s           2023-01-27T09:49:41
================================================================================
[2023-01-27 09:50:27,271] {manager.py:803} INFO - 
================================================================================
DAG File Processing Stats

File Path                          PID  Runtime      # DAGs    # Errors  Last Runtime    Last Run
-------------------------------  -----  ---------  --------  ----------  --------------  -------------------
/opt/airflow/dags/sample_dag.py    371  15.31s            1           0  7.54s           2023-01-27T09:49:41
================================================================================
[2023-01-27 09:50:57,328] {manager.py:803} INFO - 
================================================================================
DAG File Processing Stats

File Path                        PID    Runtime      # DAGs    # Errors  Last Runtime    Last Run
-------------------------------  -----  ---------  --------  ----------  --------------  -------------------
/opt/airflow/dags/sample_dag.py                           1           0  17.69s          2023-01-27T09:50:29
================================================================================
[2023-01-27 09:51:27,724] {manager.py:803} INFO - 
================================================================================
DAG File Processing Stats

File Path                        PID    Runtime      # DAGs    # Errors  Last Runtime    Last Run
-------------------------------  -----  ---------  --------  ----------  --------------  -------------------
/opt/airflow/dags/sample_dag.py                           1           0  1.48s           2023-01-27T09:51:01
================================================================================
[2023-01-27 09:51:57,895] {manager.py:803} INFO - 
================================================================================
DAG File Processing Stats

File Path                        PID    Runtime      # DAGs    # Errors  Last Runtime    Last Run
-------------------------------  -----  ---------  --------  ----------  --------------  -------------------
/opt/airflow/dags/sample_dag.py                           1           0  1.12s           2023-01-27T09:51:33
================================================================================
[2023-01-27 09:51:59,903] {manager.py:684} INFO - Searching for files in /opt/airflow/dags
[2023-01-27 09:51:59,961] {manager.py:687} INFO - There are 1 files in /opt/airflow/dags
[2023-01-27 09:52:28,286] {manager.py:803} INFO - 
================================================================================
DAG File Processing Stats

File Path                        PID    Runtime      # DAGs    # Errors  Last Runtime    Last Run
-------------------------------  -----  ---------  --------  ----------  --------------  -------------------
/opt/airflow/dags/sample_dag.py                           1           0  10.14s          2023-01-27T09:52:14
================================================================================
[2023-01-27 09:52:58,287] {manager.py:803} INFO - 
================================================================================
DAG File Processing Stats

File Path                        PID    Runtime      # DAGs    # Errors  Last Runtime    Last Run
-------------------------------  -----  ---------  --------  ----------  --------------  -------------------
/opt/airflow/dags/sample_dag.py                           1           0  9.77s           2023-01-27T09:52:54
================================================================================
[2023-01-27 09:53:28,333] {manager.py:803} INFO - 
================================================================================
DAG File Processing Stats

File Path                          PID  Runtime      # DAGs    # Errors  Last Runtime    Last Run
-------------------------------  -----  ---------  --------  ----------  --------------  -------------------
/opt/airflow/dags/sample_dag.py    396  1.76s             1           0  9.77s           2023-01-27T09:52:54
================================================================================
[2023-01-27 09:53:58,666] {manager.py:803} INFO - 
================================================================================
DAG File Processing Stats

File Path                        PID    Runtime      # DAGs    # Errors  Last Runtime    Last Run
-------------------------------  -----  ---------  --------  ----------  --------------  -------------------
/opt/airflow/dags/sample_dag.py                           1           0  9.88s           2023-01-27T09:53:36
================================================================================
[2023-01-27 09:54:29,341] {manager.py:803} INFO - 
================================================================================
DAG File Processing Stats

File Path                        PID    Runtime      # DAGs    # Errors  Last Runtime    Last Run
-------------------------------  -----  ---------  --------  ----------  --------------  -------------------
/opt/airflow/dags/sample_dag.py                           1           0  1.50s           2023-01-27T09:54:11
================================================================================
[2023-01-27 09:54:59,633] {manager.py:803} INFO - 
================================================================================
DAG File Processing Stats

File Path                          PID  Runtime      # DAGs    # Errors  Last Runtime    Last Run
-------------------------------  -----  ---------  --------  ----------  --------------  -------------------
/opt/airflow/dags/sample_dag.py    406  17.78s            1           0  1.50s           2023-01-27T09:54:11
================================================================================
[2023-01-27 09:55:30,144] {manager.py:803} INFO - 
================================================================================
DAG File Processing Stats

File Path                        PID    Runtime      # DAGs    # Errors  Last Runtime    Last Run
-------------------------------  -----  ---------  --------  ----------  --------------  -------------------
/opt/airflow/dags/sample_dag.py                           1           0  23.83s          2023-01-27T09:55:05
================================================================================
[2023-01-27 09:56:00,706] {manager.py:803} INFO - 
================================================================================
DAG File Processing Stats

File Path                          PID  Runtime      # DAGs    # Errors  Last Runtime    Last Run
-------------------------------  -----  ---------  --------  ----------  --------------  -------------------
/opt/airflow/dags/sample_dag.py    411  24.41s            1           0  23.83s          2023-01-27T09:55:05
================================================================================
[2023-01-27 09:56:31,447] {manager.py:803} INFO - 
================================================================================
DAG File Processing Stats

File Path                        PID    Runtime      # DAGs    # Errors  Last Runtime    Last Run
-------------------------------  -----  ---------  --------  ----------  --------------  -------------------
/opt/airflow/dags/sample_dag.py                           1           0  48.11s          2023-01-27T09:56:24
================================================================================
[2023-01-27 09:57:00,787] {manager.py:684} INFO - Searching for files in /opt/airflow/dags
[2023-01-27 09:57:00,846] {manager.py:687} INFO - There are 1 files in /opt/airflow/dags
[2023-01-27 09:57:01,554] {manager.py:803} INFO - 
================================================================================
DAG File Processing Stats

File Path                          PID  Runtime      # DAGs    # Errors  Last Runtime    Last Run
-------------------------------  -----  ---------  --------  ----------  --------------  -------------------
/opt/airflow/dags/sample_dag.py    416  6.08s             1           0  48.11s          2023-01-27T09:56:24
================================================================================
[2023-01-27 09:57:32,159] {manager.py:803} INFO - 
================================================================================
DAG File Processing Stats

File Path                        PID    Runtime      # DAGs    # Errors  Last Runtime    Last Run
-------------------------------  -----  ---------  --------  ----------  --------------  -------------------
/opt/airflow/dags/sample_dag.py                           1           0  11.46s          2023-01-27T09:57:06
================================================================================
[2023-01-27 09:58:02,089] {manager.py:803} INFO - 
================================================================================
DAG File Processing Stats

File Path                        PID    Runtime      # DAGs    # Errors  Last Runtime    Last Run
-------------------------------  -----  ---------  --------  ----------  --------------  -------------------
/opt/airflow/dags/sample_dag.py                           1           0  14.52s          2023-01-27T09:57:53
================================================================================
[2023-01-27 09:58:33,247] {manager.py:803} INFO - 
================================================================================
DAG File Processing Stats

File Path                          PID  Runtime      # DAGs    # Errors  Last Runtime    Last Run
-------------------------------  -----  ---------  --------  ----------  --------------  -------------------
/opt/airflow/dags/sample_dag.py    426  9.34s             1           0  14.52s          2023-01-27T09:57:53
================================================================================
[2023-01-27 09:59:03,573] {manager.py:803} INFO - 
================================================================================
DAG File Processing Stats

File Path                        PID    Runtime      # DAGs    # Errors  Last Runtime    Last Run
-------------------------------  -----  ---------  --------  ----------  --------------  -------------------
/opt/airflow/dags/sample_dag.py                           1           0  21.07s          2023-01-27T09:58:44
================================================================================
[2023-01-27 09:59:34,656] {manager.py:803} INFO - 
================================================================================
DAG File Processing Stats

File Path                        PID    Runtime      # DAGs    # Errors  Last Runtime    Last Run
-------------------------------  -----  ---------  --------  ----------  --------------  -------------------
/opt/airflow/dags/sample_dag.py                           1           0  8.56s           2023-01-27T09:59:24
================================================================================
[2023-01-27 10:00:05,039] {manager.py:803} INFO - 
================================================================================
DAG File Processing Stats

File Path                          PID  Runtime      # DAGs    # Errors  Last Runtime    Last Run
-------------------------------  -----  ---------  --------  ----------  --------------  -------------------
/opt/airflow/dags/sample_dag.py    436  10.06s            1           0  8.56s           2023-01-27T09:59:24
================================================================================
[2023-01-27 10:00:36,010] {manager.py:803} INFO - 
================================================================================
DAG File Processing Stats

File Path                        PID    Runtime      # DAGs    # Errors  Last Runtime    Last Run
-------------------------------  -----  ---------  --------  ----------  --------------  -------------------
/opt/airflow/dags/sample_dag.py                           1           0  24.14s          2023-01-27T10:00:19
================================================================================
[2023-01-27 10:01:06,178] {manager.py:803} INFO - 
================================================================================
DAG File Processing Stats

File Path                          PID  Runtime      # DAGs    # Errors  Last Runtime    Last Run
-------------------------------  -----  ---------  --------  ----------  --------------  -------------------
/opt/airflow/dags/sample_dag.py    441  16.09s            1           0  24.14s          2023-01-27T10:00:19
================================================================================
[2023-01-27 10:01:36,484] {manager.py:803} INFO - 
================================================================================
DAG File Processing Stats

File Path                        PID    Runtime      # DAGs    # Errors  Last Runtime    Last Run
-------------------------------  -----  ---------  --------  ----------  --------------  -------------------
/opt/airflow/dags/sample_dag.py                           1           0  27.39s          2023-01-27T10:01:17
================================================================================
[2023-01-27 10:02:01,376] {manager.py:684} INFO - Searching for files in /opt/airflow/dags
[2023-01-27 10:02:01,440] {manager.py:687} INFO - There are 1 files in /opt/airflow/dags
[2023-01-27 10:02:07,492] {manager.py:803} INFO - 
================================================================================
DAG File Processing Stats

File Path                          PID  Runtime      # DAGs    # Errors  Last Runtime    Last Run
-------------------------------  -----  ---------  --------  ----------  --------------  -------------------
/opt/airflow/dags/sample_dag.py    446  19.30s            1           0  27.39s          2023-01-27T10:01:17
================================================================================
[2023-01-27 10:02:46,971] {manager.py:803} INFO - 
================================================================================
DAG File Processing Stats

File Path                        PID    Runtime      # DAGs    # Errors  Last Runtime    Last Run
-------------------------------  -----  ---------  --------  ----------  --------------  -------------------
/opt/airflow/dags/sample_dag.py                           1           0  28.91s          2023-01-27T10:02:17
================================================================================
[2023-01-27 10:03:18,023] {manager.py:803} INFO - 
================================================================================
DAG File Processing Stats

File Path                          PID  Runtime      # DAGs    # Errors  Last Runtime    Last Run
-------------------------------  -----  ---------  --------  ----------  --------------  -------------------
/opt/airflow/dags/sample_dag.py    451  30.04s            1           0  28.91s          2023-01-27T10:02:17
================================================================================
[2023-01-27 10:03:48,577] {manager.py:803} INFO - 
================================================================================
DAG File Processing Stats

File Path                        PID    Runtime      # DAGs    # Errors  Last Runtime    Last Run
-------------------------------  -----  ---------  --------  ----------  --------------  -------------------
/opt/airflow/dags/sample_dag.py                           1           0  43.59s          2023-01-27T10:03:31
================================================================================
[2023-01-27 10:04:19,548] {manager.py:803} INFO - 
================================================================================
DAG File Processing Stats

File Path                          PID  Runtime      # DAGs    # Errors  Last Runtime    Last Run
-------------------------------  -----  ---------  --------  ----------  --------------  -------------------
/opt/airflow/dags/sample_dag.py    456  17.74s            1           0  43.59s          2023-01-27T10:03:31
================================================================================
[2023-01-27 10:04:50,317] {manager.py:803} INFO - 
================================================================================
DAG File Processing Stats

File Path                        PID    Runtime      # DAGs    # Errors  Last Runtime    Last Run
-------------------------------  -----  ---------  --------  ----------  --------------  -------------------
/opt/airflow/dags/sample_dag.py                           1           0  18.71s          2023-01-27T10:04:20
================================================================================
[2023-01-27 10:05:21,305] {manager.py:803} INFO - 
================================================================================
DAG File Processing Stats

File Path                        PID    Runtime      # DAGs    # Errors  Last Runtime    Last Run
-------------------------------  -----  ---------  --------  ----------  --------------  -------------------
/opt/airflow/dags/sample_dag.py                           1           0  7.35s           2023-01-27T10:04:58
================================================================================
[2023-01-27 10:05:51,936] {manager.py:803} INFO - 
================================================================================
DAG File Processing Stats

File Path                        PID    Runtime      # DAGs    # Errors  Last Runtime    Last Run
-------------------------------  -----  ---------  --------  ----------  --------------  -------------------
/opt/airflow/dags/sample_dag.py                           1           0  7.89s           2023-01-27T10:05:37
================================================================================
[2023-01-27 10:06:22,006] {manager.py:803} INFO - 
================================================================================
DAG File Processing Stats

File Path                        PID    Runtime      # DAGs    # Errors  Last Runtime    Last Run
-------------------------------  -----  ---------  --------  ----------  --------------  -------------------
/opt/airflow/dags/sample_dag.py                           1           0  7.06s           2023-01-27T10:06:19
================================================================================
[2023-01-27 10:06:52,207] {manager.py:803} INFO - 
================================================================================
DAG File Processing Stats

File Path                          PID  Runtime      # DAGs    # Errors  Last Runtime    Last Run
-------------------------------  -----  ---------  --------  ----------  --------------  -------------------
/opt/airflow/dags/sample_dag.py    476  2.02s             1           0  7.06s           2023-01-27T10:06:19
================================================================================
[2023-01-27 10:07:11,298] {manager.py:684} INFO - Searching for files in /opt/airflow/dags
[2023-01-27 10:07:11,352] {manager.py:687} INFO - There are 1 files in /opt/airflow/dags
[2023-01-27 10:07:22,429] {manager.py:803} INFO - 
================================================================================
DAG File Processing Stats

File Path                        PID    Runtime      # DAGs    # Errors  Last Runtime    Last Run
-------------------------------  -----  ---------  --------  ----------  --------------  -------------------
/opt/airflow/dags/sample_dag.py                           1           0  10.54s          2023-01-27T10:07:00
================================================================================
[2023-01-27 10:07:52,984] {manager.py:803} INFO - 
================================================================================
DAG File Processing Stats

File Path                        PID    Runtime      # DAGs    # Errors  Last Runtime    Last Run
-------------------------------  -----  ---------  --------  ----------  --------------  -------------------
/opt/airflow/dags/sample_dag.py                           1           0  8.11s           2023-01-27T10:07:38
================================================================================
[2023-01-27 10:08:23,357] {manager.py:803} INFO - 
================================================================================
DAG File Processing Stats

File Path                          PID  Runtime      # DAGs    # Errors  Last Runtime    Last Run
-------------------------------  -----  ---------  --------  ----------  --------------  -------------------
/opt/airflow/dags/sample_dag.py    486  12.54s            1           0  8.11s           2023-01-27T10:07:38
================================================================================
[2023-01-27 10:08:53,382] {manager.py:803} INFO - 
================================================================================
DAG File Processing Stats

File Path                        PID    Runtime      # DAGs    # Errors  Last Runtime    Last Run
-------------------------------  -----  ---------  --------  ----------  --------------  -------------------
/opt/airflow/dags/sample_dag.py                           1           0  13.47s          2023-01-27T10:08:24
================================================================================
[2023-01-27 10:09:23,985] {manager.py:803} INFO - 
================================================================================
DAG File Processing Stats

File Path                        PID    Runtime      # DAGs    # Errors  Last Runtime    Last Run
-------------------------------  -----  ---------  --------  ----------  --------------  -------------------
/opt/airflow/dags/sample_dag.py                           1           0  3.67s           2023-01-27T10:08:58
================================================================================
[2023-01-27 10:09:54,644] {manager.py:803} INFO - 
================================================================================
DAG File Processing Stats

File Path                        PID    Runtime      # DAGs    # Errors  Last Runtime    Last Run
-------------------------------  -----  ---------  --------  ----------  --------------  -------------------
/opt/airflow/dags/sample_dag.py                           1           0  0.65s           2023-01-27T10:09:29
================================================================================
[2023-01-27 10:10:25,424] {manager.py:803} INFO - 
================================================================================
DAG File Processing Stats

File Path                        PID    Runtime      # DAGs    # Errors  Last Runtime    Last Run
-------------------------------  -----  ---------  --------  ----------  --------------  -------------------
/opt/airflow/dags/sample_dag.py                           1           0  0.31s           2023-01-27T10:10:00
================================================================================
[2023-01-27 10:10:55,443] {manager.py:803} INFO - 
================================================================================
DAG File Processing Stats

File Path                        PID    Runtime      # DAGs    # Errors  Last Runtime    Last Run
-------------------------------  -----  ---------  --------  ----------  --------------  -------------------
/opt/airflow/dags/sample_dag.py                           1           0  0.41s           2023-01-27T10:10:31
================================================================================
[2023-01-27 10:11:26,184] {manager.py:803} INFO - 
================================================================================
DAG File Processing Stats

File Path                        PID    Runtime      # DAGs    # Errors  Last Runtime    Last Run
-------------------------------  -----  ---------  --------  ----------  --------------  -------------------
/opt/airflow/dags/sample_dag.py                           1           0  6.81s           2023-01-27T10:11:09
================================================================================
[2023-01-27 10:11:58,305] {manager.py:803} INFO - 
================================================================================
DAG File Processing Stats

File Path                        PID    Runtime      # DAGs    # Errors  Last Runtime    Last Run
-------------------------------  -----  ---------  --------  ----------  --------------  -------------------
/opt/airflow/dags/sample_dag.py                           1           0  5.69s           2023-01-27T10:11:45
================================================================================
[2023-01-27 10:12:11,400] {manager.py:684} INFO - Searching for files in /opt/airflow/dags
[2023-01-27 10:12:12,651] {manager.py:687} INFO - There are 1 files in /opt/airflow/dags
[2023-01-27 10:12:28,673] {manager.py:803} INFO - 
================================================================================
DAG File Processing Stats

File Path                        PID    Runtime      # DAGs    # Errors  Last Runtime    Last Run
-------------------------------  -----  ---------  --------  ----------  --------------  -------------------
/opt/airflow/dags/sample_dag.py                           1           0  0.91s           2023-01-27T10:12:19
================================================================================
[2023-01-27 10:13:00,563] {manager.py:803} INFO - 
================================================================================
DAG File Processing Stats

File Path                          PID  Runtime      # DAGs    # Errors  Last Runtime    Last Run
-------------------------------  -----  ---------  --------  ----------  --------------  -------------------
/opt/airflow/dags/sample_dag.py    526  6.02s             1           0  0.91s           2023-01-27T10:12:19
================================================================================
[2023-01-27 10:13:31,354] {manager.py:803} INFO - 
================================================================================
DAG File Processing Stats

File Path                        PID    Runtime      # DAGs    # Errors  Last Runtime    Last Run
-------------------------------  -----  ---------  --------  ----------  --------------  -------------------
/opt/airflow/dags/sample_dag.py                           1           0  10.06s          2023-01-27T10:13:04
================================================================================
[2023-01-27 10:14:03,369] {manager.py:803} INFO - 
================================================================================
DAG File Processing Stats

File Path                        PID    Runtime      # DAGs    # Errors  Last Runtime    Last Run
-------------------------------  -----  ---------  --------  ----------  --------------  -------------------
/opt/airflow/dags/sample_dag.py                           1           0  1.55s           2023-01-27T10:13:37
================================================================================
[2023-01-27 10:14:36,557] {manager.py:803} INFO - 
================================================================================
DAG File Processing Stats

File Path                        PID    Runtime      # DAGs    # Errors  Last Runtime    Last Run
-------------------------------  -----  ---------  --------  ----------  --------------  -------------------
/opt/airflow/dags/sample_dag.py                           1           0  16.42s          2023-01-27T10:14:26
================================================================================
[2023-01-27 10:15:06,901] {manager.py:803} INFO - 
================================================================================
DAG File Processing Stats

File Path                        PID    Runtime      # DAGs    # Errors  Last Runtime    Last Run
-------------------------------  -----  ---------  --------  ----------  --------------  -------------------
/opt/airflow/dags/sample_dag.py                           1           0  0.38s           2023-01-27T10:14:56
================================================================================
[2023-01-27 10:15:36,932] {manager.py:803} INFO - 
================================================================================
DAG File Processing Stats

File Path                        PID    Runtime      # DAGs    # Errors  Last Runtime    Last Run
-------------------------------  -----  ---------  --------  ----------  --------------  -------------------
/opt/airflow/dags/sample_dag.py                           1           0  1.23s           2023-01-27T10:15:31
================================================================================
[2023-01-27 10:16:07,638] {manager.py:803} INFO - 
================================================================================
DAG File Processing Stats

File Path                        PID    Runtime      # DAGs    # Errors  Last Runtime    Last Run
-------------------------------  -----  ---------  --------  ----------  --------------  -------------------
/opt/airflow/dags/sample_dag.py                           1           0  0.33s           2023-01-27T10:16:02
================================================================================
[2023-01-27 10:17:08,956] {manager.py:803} INFO - 
================================================================================
DAG File Processing Stats

File Path                        PID    Runtime      # DAGs    # Errors  Last Runtime    Last Run
-------------------------------  -----  ---------  --------  ----------  --------------  -------------------
/opt/airflow/dags/sample_dag.py                           1           0  0.33s           2023-01-27T10:16:02
================================================================================
[2023-01-27 10:17:11,575] {manager.py:684} INFO - Searching for files in /opt/airflow/dags
[2023-01-27 10:17:29,403] {manager.py:687} INFO - There are 1 files in /opt/airflow/dags
[2023-01-27 10:17:42,932] {manager.py:803} INFO - 
================================================================================
DAG File Processing Stats

File Path                        PID    Runtime      # DAGs    # Errors  Last Runtime    Last Run
-------------------------------  -----  ---------  --------  ----------  --------------  -------------------
/opt/airflow/dags/sample_dag.py                           1           0  13.51s          2023-01-27T10:17:42
================================================================================
[2023-01-27 10:18:18,139] {manager.py:803} INFO - 
================================================================================
DAG File Processing Stats

File Path                        PID    Runtime      # DAGs    # Errors  Last Runtime    Last Run
-------------------------------  -----  ---------  --------  ----------  --------------  -------------------
/opt/airflow/dags/sample_dag.py                           1           0  13.51s          2023-01-27T10:17:42
================================================================================
[2023-01-27 10:18:50,575] {manager.py:803} INFO - 
================================================================================
DAG File Processing Stats

File Path                        PID    Runtime      # DAGs    # Errors  Last Runtime    Last Run
-------------------------------  -----  ---------  --------  ----------  --------------  -------------------
/opt/airflow/dags/sample_dag.py                           1           0  15.13s          2023-01-27T10:18:33
================================================================================
[2023-01-27 10:19:24,302] {manager.py:803} INFO - 
================================================================================
DAG File Processing Stats

File Path                        PID    Runtime      # DAGs    # Errors  Last Runtime    Last Run
-------------------------------  -----  ---------  --------  ----------  --------------  -------------------
/opt/airflow/dags/sample_dag.py                           1           0  0.96s           2023-01-27T10:19:04
================================================================================
[2023-01-27 10:20:01,047] {manager.py:803} INFO - 
================================================================================
DAG File Processing Stats

File Path                        PID    Runtime      # DAGs    # Errors  Last Runtime    Last Run
-------------------------------  -----  ---------  --------  ----------  --------------  -------------------
/opt/airflow/dags/sample_dag.py                           1           0  8.33s           2023-01-27T10:19:43
================================================================================
[2023-01-27 10:20:31,410] {manager.py:803} INFO - 
================================================================================
DAG File Processing Stats

File Path                        PID    Runtime      # DAGs    # Errors  Last Runtime    Last Run
-------------------------------  -----  ---------  --------  ----------  --------------  -------------------
/opt/airflow/dags/sample_dag.py                           1           0  2.28s           2023-01-27T10:20:16
================================================================================
[2023-01-27 10:21:02,332] {manager.py:803} INFO - 
================================================================================
DAG File Processing Stats

File Path                        PID    Runtime      # DAGs    # Errors  Last Runtime    Last Run
-------------------------------  -----  ---------  --------  ----------  --------------  -------------------
/opt/airflow/dags/sample_dag.py                           1           0  0.28s           2023-01-27T10:20:46
================================================================================
[2023-01-27 10:21:32,638] {manager.py:803} INFO - 
================================================================================
DAG File Processing Stats

File Path                        PID    Runtime      # DAGs    # Errors  Last Runtime    Last Run
-------------------------------  -----  ---------  --------  ----------  --------------  -------------------
/opt/airflow/dags/sample_dag.py                           1           0  4.01s           2023-01-27T10:21:22
================================================================================
[2023-01-27 10:22:02,667] {manager.py:803} INFO - 
================================================================================
DAG File Processing Stats

File Path                        PID    Runtime      # DAGs    # Errors  Last Runtime    Last Run
-------------------------------  -----  ---------  --------  ----------  --------------  -------------------
/opt/airflow/dags/sample_dag.py                           1           0  0.40s           2023-01-27T10:21:53
================================================================================
[2023-01-27 10:22:11,991] {manager.py:684} INFO - Searching for files in /opt/airflow/dags
[2023-01-27 10:22:12,046] {manager.py:687} INFO - There are 1 files in /opt/airflow/dags
[2023-01-27 10:22:32,969] {manager.py:803} INFO - 
================================================================================
DAG File Processing Stats

File Path                        PID    Runtime      # DAGs    # Errors  Last Runtime    Last Run
-------------------------------  -----  ---------  --------  ----------  --------------  -------------------
/opt/airflow/dags/sample_dag.py                           1           0  8.07s           2023-01-27T10:22:32
================================================================================
[2023-01-27 10:23:03,869] {manager.py:803} INFO - 
================================================================================
DAG File Processing Stats

File Path                          PID  Runtime      # DAGs    # Errors  Last Runtime    Last Run
-------------------------------  -----  ---------  --------  ----------  --------------  -------------------
/opt/airflow/dags/sample_dag.py    601  1.49s             1           0  8.07s           2023-01-27T10:22:32
================================================================================
[2023-01-27 10:23:34,513] {manager.py:803} INFO - 
================================================================================
DAG File Processing Stats

File Path                        PID    Runtime      # DAGs    # Errors  Last Runtime    Last Run
-------------------------------  -----  ---------  --------  ----------  --------------  -------------------
/opt/airflow/dags/sample_dag.py                           1           0  5.13s           2023-01-27T10:23:07
================================================================================
[2023-01-27 10:24:05,065] {manager.py:803} INFO - 
================================================================================
DAG File Processing Stats

File Path                        PID    Runtime      # DAGs    # Errors  Last Runtime    Last Run
-------------------------------  -----  ---------  --------  ----------  --------------  -------------------
/opt/airflow/dags/sample_dag.py                           1           0  12.21s          2023-01-27T10:23:49
================================================================================
[2023-01-27 10:24:35,419] {manager.py:803} INFO - 
================================================================================
DAG File Processing Stats

File Path                        PID    Runtime      # DAGs    # Errors  Last Runtime    Last Run
-------------------------------  -----  ---------  --------  ----------  --------------  -------------------
/opt/airflow/dags/sample_dag.py                           1           0  5.63s           2023-01-27T10:24:26
================================================================================
[2023-01-27 10:25:06,170] {manager.py:803} INFO - 
================================================================================
DAG File Processing Stats

File Path                        PID    Runtime      # DAGs    # Errors  Last Runtime    Last Run
-------------------------------  -----  ---------  --------  ----------  --------------  -------------------
/opt/airflow/dags/sample_dag.py                           1           0  1.26s           2023-01-27T10:24:57
================================================================================
[2023-01-27 10:25:36,817] {manager.py:803} INFO - 
================================================================================
DAG File Processing Stats

File Path                          PID  Runtime      # DAGs    # Errors  Last Runtime    Last Run
-------------------------------  -----  ---------  --------  ----------  --------------  -------------------
/opt/airflow/dags/sample_dag.py    621  8.05s             1           0  1.26s           2023-01-27T10:24:57
================================================================================
[2023-01-27 10:26:07,225] {manager.py:803} INFO - 
================================================================================
DAG File Processing Stats

File Path                        PID    Runtime      # DAGs    # Errors  Last Runtime    Last Run
-------------------------------  -----  ---------  --------  ----------  --------------  -------------------
/opt/airflow/dags/sample_dag.py                           1           0  11.81s          2023-01-27T10:25:40
================================================================================
[2023-01-27 10:26:38,018] {manager.py:803} INFO - 
================================================================================
DAG File Processing Stats

File Path                        PID    Runtime      # DAGs    # Errors  Last Runtime    Last Run
-------------------------------  -----  ---------  --------  ----------  --------------  -------------------
/opt/airflow/dags/sample_dag.py                           1           0  7.44s           2023-01-27T10:26:18
================================================================================
[2023-01-27 10:27:08,152] {manager.py:803} INFO - 
================================================================================
DAG File Processing Stats

File Path                        PID    Runtime      # DAGs    # Errors  Last Runtime    Last Run
-------------------------------  -----  ---------  --------  ----------  --------------  -------------------
/opt/airflow/dags/sample_dag.py                           1           0  7.08s           2023-01-27T10:26:56
================================================================================
[2023-01-27 10:27:12,171] {manager.py:684} INFO - Searching for files in /opt/airflow/dags
[2023-01-27 10:27:12,452] {manager.py:687} INFO - There are 1 files in /opt/airflow/dags
[2023-01-27 10:27:38,946] {manager.py:803} INFO - 
================================================================================
DAG File Processing Stats

File Path                        PID    Runtime      # DAGs    # Errors  Last Runtime    Last Run
-------------------------------  -----  ---------  --------  ----------  --------------  -------------------
/opt/airflow/dags/sample_dag.py                           1           0  1.68s           2023-01-27T10:27:30
================================================================================
[2023-01-27 10:30:04,494] {manager.py:803} INFO - 
================================================================================
DAG File Processing Stats

File Path                        PID    Runtime      # DAGs    # Errors  Last Runtime    Last Run
-------------------------------  -----  ---------  --------  ----------  --------------  -------------------
/opt/airflow/dags/sample_dag.py                           1           0  1.68s           2023-01-27T10:27:30
================================================================================
[2023-01-27 10:30:36,335] {manager.py:803} INFO - 
================================================================================
DAG File Processing Stats

File Path                          PID  Runtime      # DAGs    # Errors  Last Runtime    Last Run
-------------------------------  -----  ---------  --------  ----------  --------------  -------------------
/opt/airflow/dags/sample_dag.py    641  31.83s            1           0  1.68s           2023-01-27T10:27:30
================================================================================
[2023-01-27 10:31:07,076] {manager.py:803} INFO - 
================================================================================
DAG File Processing Stats

File Path                          PID  Runtime      # DAGs    # Errors  Last Runtime    Last Run
-------------------------------  -----  ---------  --------  ----------  --------------  -------------------
/opt/airflow/dags/sample_dag.py    646  0.01s             1           0  32.31s          2023-01-27T10:30:36
================================================================================
[2023-01-27 10:31:37,294] {manager.py:803} INFO - 
================================================================================
DAG File Processing Stats

File Path                        PID    Runtime      # DAGs    # Errors  Last Runtime    Last Run
-------------------------------  -----  ---------  --------  ----------  --------------  -------------------
/opt/airflow/dags/sample_dag.py                           1           0  5.49s           2023-01-27T10:31:12
================================================================================
[2023-01-27 10:32:07,515] {manager.py:803} INFO - 
================================================================================
DAG File Processing Stats

File Path                        PID    Runtime      # DAGs    # Errors  Last Runtime    Last Run
-------------------------------  -----  ---------  --------  ----------  --------------  -------------------
/opt/airflow/dags/sample_dag.py                           1           0  1.18s           2023-01-27T10:31:44
================================================================================
[2023-01-27 10:32:12,291] {manager.py:684} INFO - Searching for files in /opt/airflow/dags
[2023-01-27 10:32:12,362] {manager.py:687} INFO - There are 1 files in /opt/airflow/dags
[2023-01-27 10:32:38,087] {manager.py:803} INFO - 
================================================================================
DAG File Processing Stats

File Path                        PID    Runtime      # DAGs    # Errors  Last Runtime    Last Run
-------------------------------  -----  ---------  --------  ----------  --------------  -------------------
/opt/airflow/dags/sample_dag.py                           1           0  0.32s           2023-01-27T10:32:14
================================================================================
[2023-01-27 10:33:08,985] {manager.py:803} INFO - 
================================================================================
DAG File Processing Stats

File Path                        PID    Runtime      # DAGs    # Errors  Last Runtime    Last Run
-------------------------------  -----  ---------  --------  ----------  --------------  -------------------
/opt/airflow/dags/sample_dag.py                           1           0  0.93s           2023-01-27T10:32:46
================================================================================
[2023-01-27 10:33:39,146] {manager.py:803} INFO - 
================================================================================
DAG File Processing Stats

File Path                        PID    Runtime      # DAGs    # Errors  Last Runtime    Last Run
-------------------------------  -----  ---------  --------  ----------  --------------  -------------------
/opt/airflow/dags/sample_dag.py                           1           0  0.65s           2023-01-27T10:33:17
================================================================================
[2023-01-27 10:34:09,701] {manager.py:803} INFO - 
================================================================================
DAG File Processing Stats

File Path                        PID    Runtime      # DAGs    # Errors  Last Runtime    Last Run
-------------------------------  -----  ---------  --------  ----------  --------------  -------------------
/opt/airflow/dags/sample_dag.py                           1           0  0.39s           2023-01-27T10:33:48
================================================================================
[2023-01-27 10:34:40,267] {manager.py:803} INFO - 
================================================================================
DAG File Processing Stats

File Path                        PID    Runtime      # DAGs    # Errors  Last Runtime    Last Run
-------------------------------  -----  ---------  --------  ----------  --------------  -------------------
/opt/airflow/dags/sample_dag.py                           1           0  0.38s           2023-01-27T10:34:19
================================================================================
[2023-01-27 10:35:10,532] {manager.py:803} INFO - 
================================================================================
DAG File Processing Stats

File Path                        PID    Runtime      # DAGs    # Errors  Last Runtime    Last Run
-------------------------------  -----  ---------  --------  ----------  --------------  -------------------
/opt/airflow/dags/sample_dag.py                           1           0  0.48s           2023-01-27T10:34:50
================================================================================
[2023-01-27 10:35:41,091] {manager.py:803} INFO - 
================================================================================
DAG File Processing Stats

File Path                        PID    Runtime      # DAGs    # Errors  Last Runtime    Last Run
-------------------------------  -----  ---------  --------  ----------  --------------  -------------------
/opt/airflow/dags/sample_dag.py                           1           0  1.25s           2023-01-27T10:35:21
================================================================================
[2023-01-27 10:36:11,103] {manager.py:803} INFO - 
================================================================================
DAG File Processing Stats

File Path                        PID    Runtime      # DAGs    # Errors  Last Runtime    Last Run
-------------------------------  -----  ---------  --------  ----------  --------------  -------------------
/opt/airflow/dags/sample_dag.py                           1           0  0.38s           2023-01-27T10:35:52
================================================================================
[2023-01-27 10:36:42,002] {manager.py:803} INFO - 
================================================================================
DAG File Processing Stats

File Path                        PID    Runtime      # DAGs    # Errors  Last Runtime    Last Run
-------------------------------  -----  ---------  --------  ----------  --------------  -------------------
/opt/airflow/dags/sample_dag.py                           1           0  2.23s           2023-01-27T10:36:25
================================================================================
[2023-01-27 10:37:12,515] {manager.py:684} INFO - Searching for files in /opt/airflow/dags
[2023-01-27 10:37:12,588] {manager.py:687} INFO - There are 1 files in /opt/airflow/dags
[2023-01-27 10:37:12,613] {manager.py:803} INFO - 
================================================================================
DAG File Processing Stats

File Path                        PID    Runtime      # DAGs    # Errors  Last Runtime    Last Run
-------------------------------  -----  ---------  --------  ----------  --------------  -------------------
/opt/airflow/dags/sample_dag.py                           1           0  1.25s           2023-01-27T10:36:56
================================================================================
[2023-01-27 10:37:32,048] {manager.py:455} INFO - Exiting gracefully upon receiving signal 15
